Log file open, 03/10/17 10:41:44
LogInit:Display: Running engine for game: Pong
LogPlatformFile: Not using cached read wrapper
LogInit:Display: RandInit(598525262) SRandInit(598525263).
LogTaskGraph: Started task graph with 4 named threads and 7 total threads with 1 sets of task threads.
LogStats: Stats thread started at 0.107977
LogInit: Version: 4.12.5-3039270+++UE4+Release-4.12
LogInit: API Version: 2992821
LogInit: Net Version: 3039270
LogDevObjectVersion: Number of dev versions registered: 13
LogDevObjectVersion:   Dev-Blueprints (B0D832E4-1F89-4F0D-ACCF-7EB736FD4AA2): 3
LogDevObjectVersion:   Dev-Build (E1C64328-A22C-4D53-A36C-8E866417BD8C): 0
LogDevObjectVersion:   Dev-Core (375EC13C-06E4-48FB-B500-84F0262A717E): 1
LogDevObjectVersion:   Dev-Editor (E4B068ED-F494-42E9-A231-DA0B2E46BB41): 2
LogDevObjectVersion:   Dev-Framework (CFFC743F-43B0-4480-9391-14DF171D2073): 6
LogDevObjectVersion:   Dev-Mobile (B02B49B5-BB20-44E9-A304-32B752E40360): 0
LogDevObjectVersion:   Dev-Networking (A4E4105C-59A1-49B5-A7C5-40C4547EDFEE): 0
LogDevObjectVersion:   Dev-Online (39C831C9-5AE6-47DC-9A44-9C173E1C8E7C): 0
LogDevObjectVersion:   Dev-Physics (78F01B33-EBEA-4F98-B9B4-84EACCB95AA2): 0
LogDevObjectVersion:   Dev-Platform (6631380F-2D4D-43E0-8009-CF276956A95A): 0
LogDevObjectVersion:   Dev-Rendering (12F88B9F-8875-4AFC-A67C-D90C383ABD29): 2
LogDevObjectVersion:   Dev-Sequencer (7B5AE74C-D270-4C10-A958-57980B212A5A): 0
LogDevObjectVersion:   Dev-VR (D7296918-1DD6-4BDD-9DE2-64A83CC13884): 0
LogInit: Compiled (64-bit): Jul  6 2016 09:09:46
LogInit: Compiled with Visual C++: 19.00.23026.00
LogInit: Build Configuration: Development
LogInit: Branch Name: ++UE4+Release-4.12
LogInit: Command line:  
LogInit: Base directory: D:/Unreal Engine/UE_4.12/Engine/Binaries/Win64/
LogInit: Installed Engine Build: 1
LogInit: Using libcurl 7.41.0
LogInit:  - built for x86_64-pc-win32
LogInit:  - supports SSL with WinSSL
LogInit:  - other features:
LogInit:      CURL_VERSION_SSL
LogInit:      CURL_VERSION_IPV6
LogInit:      CURL_VERSION_ASYNCHDNS
LogInit:      CURL_VERSION_LARGEFILE
LogInit:      CURL_VERSION_IDN
LogInit:  CurlRequestOptions (configurable via config and command line):
LogInit:  - bVerifyPeer = true  - Libcurl will verify peer certificate
LogInit:  - bUseHttpProxy = false  - Libcurl will NOT use HTTP proxy
LogInit:  - bDontReuseConnections = false  - Libcurl will reuse connections
LogInit:  - CertBundlePath = nullptr  - Libcurl will use whatever was configured at build time.
LogInit: Presizing for max 8388607 objects, including 0 objects not considered by GC, pre-allocating 0 bytes for permanent pool.
LogInit: Object subsystem initialized
[2017.03.10-10.41.45:068][  0]LogInit: Selected Device Profile: [Windows]
[2017.03.10-10.41.45:068][  0]LogInit: Applying CVar settings loaded from the selected device profile: [Windows]
[2017.03.10-10.41.45:098][  0]LogInit: Computer: MSI
[2017.03.10-10.41.45:098][  0]LogInit: User: Callum
[2017.03.10-10.41.45:098][  0]LogInit: CPU Page size=65536, Cores=4
[2017.03.10-10.41.45:098][  0]LogInit: High frequency timer resolution =2.531253 MHz
[2017.03.10-10.41.45:098][  0]LogMemory: Memory total: Physical=15.9GB (16GB approx)
[2017.03.10-10.41.45:098][  0]LogMemory: Platform Memory Stats for Windows
[2017.03.10-10.41.45:098][  0]LogMemory: Process Physical Memory: 190.90 MB used, 190.90 MB peak
[2017.03.10-10.41.45:098][  0]LogMemory: Process Virtual Memory: 195.36 MB used, 195.36 MB peak
[2017.03.10-10.41.45:098][  0]LogMemory: Physical Memory: 4279.50 MB used, 16259.88 MB total
[2017.03.10-10.41.45:098][  0]LogMemory: Virtual Memory: 553.60 MB used, 134217728.00 MB total
[2017.03.10-10.41.45:499][  0]LogTextLocalizationManager: No specific translations for ('en-GB') exist, so ('en') translations will be used.
[2017.03.10-10.41.45:978][  0]LogD3D11RHI: D3D11 adapters:
[2017.03.10-10.41.46:595][  0]LogD3D11RHI:    0. 'NVIDIA GeForce GTX 1060' (Feature Level 11_0)
[2017.03.10-10.41.46:595][  0]LogD3D11RHI:       6084/0/8129 MB DedicatedVideo/DedicatedSystem/SharedSystem, Outputs:1, VendorId:0x10de
[2017.03.10-10.41.46:601][  0]LogD3D11RHI:    1. 'Intel(R) HD Graphics 530' (Feature Level 11_0)
[2017.03.10-10.41.46:601][  0]LogD3D11RHI:       128/0/8129 MB DedicatedVideo/DedicatedSystem/SharedSystem, Outputs:0, VendorId:0x8086
[2017.03.10-10.41.46:603][  0]LogD3D11RHI:    2. 'Microsoft Basic Render Driver' (Feature Level 11_0)
[2017.03.10-10.41.46:603][  0]LogD3D11RHI:       0/0/8129 MB DedicatedVideo/DedicatedSystem/SharedSystem, Outputs:0, VendorId:0x1414
[2017.03.10-10.41.46:603][  0]LogD3D11RHI: Chosen D3D11 Adapter: 0
[2017.03.10-10.41.46:607][  0]LogD3D11RHI: Creating new Direct3DDevice
[2017.03.10-10.41.46:607][  0]LogD3D11RHI:     GPU DeviceId: 0x1c20 (for the marketing name, search the web for "GPU Device Id")
[2017.03.10-10.41.46:607][  0]LogWindows: EnumDisplayDevices:
[2017.03.10-10.41.46:607][  0]LogWindows:    0. 'Intel(R) HD Graphics 530' (P:1 D:1)
[2017.03.10-10.41.46:607][  0]LogWindows:    1. 'Intel(R) HD Graphics 530' (P:0 D:0)
[2017.03.10-10.41.46:607][  0]LogWindows:    2. 'Intel(R) HD Graphics 530' (P:0 D:0)
[2017.03.10-10.41.46:608][  0]LogWindows:    3. 'NVIDIA GeForce GTX 1060' (P:0 D:0)
[2017.03.10-10.41.46:608][  0]LogWindows:    4. 'NVIDIA GeForce GTX 1060' (P:0 D:0)
[2017.03.10-10.41.46:608][  0]LogWindows:    5. 'NVIDIA GeForce GTX 1060' (P:0 D:0)
[2017.03.10-10.41.46:608][  0]LogWindows:    6. 'NVIDIA GeForce GTX 1060' (P:0 D:0)
[2017.03.10-10.41.46:608][  0]LogWindows: DebugString: PrimaryIsNotTheChoosenAdapter PrimaryIsNotTheChoosenAdapter PrimaryIsNotTheChoosenAdapter FoundDriverCount:4 
[2017.03.10-10.41.46:608][  0]LogD3D11RHI:     Adapter Name: NVIDIA GeForce GTX 1060
[2017.03.10-10.41.46:608][  0]LogD3D11RHI:   Driver Version: 378.78 (internal:21.21.13.7878, unified:378.78)
[2017.03.10-10.41.46:608][  0]LogD3D11RHI:      Driver Date: 2-23-2017
[2017.03.10-10.41.46:608][  0]LogRHI: Texture pool is 1361 MB (70% of 1945 MB)
[2017.03.10-10.41.47:178][  0]LogD3D11RHI: Async texture creation enabled
[2017.03.10-10.41.47:231][  0]LogD3D11RHI: GPU Timing Frequency: 1000.000000 (Debug: 2 1)
[2017.03.10-10.41.47:232][  0]LogShaderCompilers: Guid format shader working directory is -11 characters bigger than the processId version (../../../../../Users/Callum/Desktop/Computing/COMP 140/Pong/Intermediate/Shaders/WorkingDirectory/976/).
[2017.03.10-10.41.47:232][  0]LogShaderCompilers: Cleaned the shader compiler working directory 'C:/Users/Callum/AppData/Local/Temp/UnrealShaderWorkingDir/7F77294943E1B8561759F094AAE32D8B/'.
[2017.03.10-10.41.47:232][  0]LogShaderCompilers:Display: Using Local Shader Compiler.
[2017.03.10-10.41.49:723][  0]LogTemp:Display: Loaded TP AllDesktopTargetPlatform
[2017.03.10-10.41.49:732][  0]LogTemp:Display: Loaded TP WindowsClientTargetPlatform
[2017.03.10-10.41.49:740][  0]LogTemp:Display: Loaded TP WindowsNoEditorTargetPlatform
[2017.03.10-10.41.49:749][  0]LogTemp:Display: Loaded TP WindowsServerTargetPlatform
[2017.03.10-10.41.49:757][  0]LogTemp:Display: Loaded TP WindowsTargetPlatform
[2017.03.10-10.41.49:768][  0]LogTemp:Display: Loaded TP AndroidTargetPlatform
[2017.03.10-10.41.49:779][  0]LogTemp:Display: Loaded TP Android_ASTCTargetPlatform
[2017.03.10-10.41.49:787][  0]LogTemp:Display: Loaded TP Android_ATCTargetPlatform
[2017.03.10-10.41.49:795][  0]LogTemp:Display: Loaded TP Android_DXTTargetPlatform
[2017.03.10-10.41.49:807][  0]LogTemp:Display: Loaded TP Android_ETC1TargetPlatform
[2017.03.10-10.41.49:822][  0]LogTemp:Display: Loaded TP Android_ETC2TargetPlatform
[2017.03.10-10.41.49:851][  0]LogTemp:Display: Loaded TP Android_MultiTargetPlatform
[2017.03.10-10.41.49:851][  0]LogTemp:Display: Loaded TP Android_PVRTCTargetPlatform
[2017.03.10-10.41.49:852][  0]LogTemp:Display: Loaded TP HTML5TargetPlatform
[2017.03.10-10.41.49:955][  0]LogTemp:Display: Loaded TP IOSTargetPlatform
[2017.03.10-10.41.49:964][  0]LogTemp:Display: Loaded TP TVOSTargetPlatform
[2017.03.10-10.41.49:971][  0]LogTemp:Display: Loaded TP LinuxNoEditorTargetPlatform
[2017.03.10-10.41.49:979][  0]LogTemp:Display: Loaded TP LinuxServerTargetPlatform
[2017.03.10-10.41.50:016][  0]LogTemp:Display: Loaded TP LinuxTargetPlatform
[2017.03.10-10.41.50:016][  0]LogTargetPlatformManager:Display: Building Assets For Windows
[2017.03.10-10.41.50:768][  0]LogDerivedDataCache:Display: Max Cache Size: 512 MB
[2017.03.10-10.41.51:028][  0]LogDerivedDataCache: Loaded boot cache 0.26s 48MB C:/Users/Callum/AppData/Local/UnrealEngine/4.12/DerivedDataCache/Boot.ddc.
[2017.03.10-10.41.51:028][  0]LogDerivedDataCache:Display: Loaded Boot cache: C:/Users/Callum/AppData/Local/UnrealEngine/4.12/DerivedDataCache/Boot.ddc
[2017.03.10-10.41.51:028][  0]LogDerivedDataCache: FDerivedDataBackendGraph:  Pak pak cache file ../../../../../Users/Callum/Desktop/Computing/COMP 140/Pong/DerivedDataCache/DDC.ddp not found, will not use a pak cache.
[2017.03.10-10.41.51:028][  0]LogDerivedDataCache: Unable to find inner node Pak for hierarchical cache Hierarchy.
[2017.03.10-10.41.51:028][  0]LogDerivedDataCache: FDerivedDataBackendGraph:  CompressedPak pak cache file ../../../../../Users/Callum/Desktop/Computing/COMP 140/Pong/DerivedDataCache/Compressed.ddp not found, will not use a pak cache.
[2017.03.10-10.41.51:028][  0]LogDerivedDataCache: Unable to find inner node CompressedPak for hierarchical cache Hierarchy.
[2017.03.10-10.41.51:105][  0]LogDerivedDataCache:Display: Pak cache opened for reading ../../../Engine/DerivedDataCache/Compressed.ddp.
[2017.03.10-10.41.51:117][  0]LogDerivedDataCache: Using Local data cache path C:/Users/Callum/AppData/Local/UnrealEngine/Common/DerivedDataCache: Writable
[2017.03.10-10.41.59:510][  0]LogInit: Selected Device Profile: [Windows]
[2017.03.10-10.41.59:585][  0]LogContentStreaming: Texture pool size is 0.00 MB
[2017.03.10-10.42.01:795][  0]LogMeshUtilities: No automatic mesh reduction module available
[2017.03.10-10.42.01:795][  0]LogMeshUtilities: No automatic mesh merging module available
[2017.03.10-10.42.01:795][  0]LogMeshUtilities: No distributed automatic mesh merging module available
[2017.03.10-10.42.04:995][  0]LogAssetRegistry: FAssetRegistry took 0.0240 seconds to start up
[2017.03.10-10.42.05:247][  0]LogPackageLocalizationCache: Processed 3 localized package path(s) for 2 prioritized culture(s) in 0.165659 seconds
[2017.03.10-10.42.05:318][  0]LogUObjectArray: 28739 objects as part of root set at end of initial load.
[2017.03.10-10.42.05:318][  0]LogUObjectAllocator: 5855632 out of 0 bytes used by permanent object pool.
[2017.03.10-10.42.05:318][  0]LogUObjectArray: CloseDisregardForGC: 0/0 objects in disregard for GC pool
[2017.03.10-10.42.05:337][  0]LogInit: WinSock: version 1.1 (2.2), MaxSocks=32767, MaxUdp=65467
[2017.03.10-10.42.08:289][  0]LogSlate: SlateFontCache - WITH_FREETYPE: 1, WITH_HARFBUZZ: 1
[2017.03.10-10.42.08:301][  0]LogSlate: SlateFontCache - WITH_FREETYPE: 1, WITH_HARFBUZZ: 1
[2017.03.10-10.42.17:001][  0]LogUdpMessaging: Initializing bridge on interface 0.0.0.0:0 to multicast group 230.0.0.1:6666.
[2017.03.10-10.42.18:355][  0]SourceControl: Info Source control is disabled
[2017.03.10-10.42.18:427][  0]SourceControl: Info Source control is disabled
[2017.03.10-10.42.18:474][  0]SourceControl: Info Source control is disabled
[2017.03.10-10.42.18:500][  0]SourceControl: Info Source control is disabled
[2017.03.10-10.42.19:611][  0]LogEngine: Initializing Engine...
[2017.03.10-10.42.19:708][  0]LogHMD: SteamVR failed to initialize.  Err: 110
[2017.03.10-10.42.19:709][  0]LogHMD: SteamVR failed to initialize.  Err: 110
[2017.03.10-10.42.20:627][  0]LogAIModule: Creating AISystem for world NewWorld
[2017.03.10-10.42.20:901][  0]LogInit: XAudio2 using 'Speakers (Realtek High Definition Audio)' : 2 channels at 48 kHz using 32 bits per sample (channel mask 0x3)
[2017.03.10-10.42.20:941][  0]LogInit: FAudioDevice initialized.
[2017.03.10-10.42.20:966][  0]LogDerivedDataCache: Saved boot cache 0.03s 48MB C:/Users/Callum/AppData/Local/UnrealEngine/4.12/DerivedDataCache/Boot.ddc.
[2017.03.10-10.42.20:975][  0]LogInit: Texture streaming: Enabled
[2017.03.10-10.42.21:490][  0]LogInit: Transaction tracking system initialized
[2017.03.10-10.42.24:616][  0]BlueprintLog: New page: Editor Load
[2017.03.10-10.42.25:493][  0]LocalizationService: Info Localization service is disabled
[2017.03.10-10.42.26:332][  0]LogConsoleResponse:Display: 
[2017.03.10-10.42.28:137][  0]LogFileCache: Scanning file cache for directory 'D:/Users/Callum/Desktop/Computing/COMP 140/Pong/Content/' took 0.01s
[2017.03.10-10.42.28:137][  0]LogCook:Display: Max memory allowance for cook 8192mb
[2017.03.10-10.42.28:137][  0]LogCook:Display: Mobile HDR setting 1
[2017.03.10-10.42.29:404][  0]SourceControl: Info Source control is disabled
[2017.03.10-10.42.29:455][  0]Cmd: MAP LOAD FILE="../../../../../Users/Callum/Desktop/Computing/COMP 140/Pong/Content/Lavels/Pong_Main.umap" TEMPLATE=0 SHOWPROGRESS=1 FEATURELEVEL=3
[2017.03.10-10.42.29:506][  0]LightingResults: New page: Lighting Build
[2017.03.10-10.42.29:687][  0]MapCheck: New page: Map Check
[2017.03.10-10.42.29:687][  0]LightingResults: New page: Lighting Build
[2017.03.10-10.42.30:891][  0]LogAIModule: Creating AISystem for world Pong_Main
[2017.03.10-10.42.31:082][  0]PIE:Warning: Warning Invalid Simulate Options: Body (BP_Ball_108.Ball StaticMesh_PongBall) is set to simulate physics but Collision Enabled is incompatible
[2017.03.10-10.42.31:082][  0]PIE:Warning: Warning Invalid Simulate Options: Body (BP_Ball_108.Ball StaticMesh_PongBall) is set to simulate physics but Collision Enabled is incompatible
[2017.03.10-10.42.31:125][  0]PIE:Warning: Warning Invalid Simulate Options: Body (BP_Ball_108.Ball StaticMesh_PongBall) is set to simulate physics but Collision Enabled is incompatible
[2017.03.10-10.42.31:125][  0]PIE:Warning: Warning Invalid Simulate Options: Body (BP_Ball_108.Ball StaticMesh_PongBall) is set to simulate physics but Collision Enabled is incompatible
[2017.03.10-10.42.31:237][  0]LogEditorServer: Finished looking for orphan Actors (0.000 secs)
[2017.03.10-10.42.31:269][  0]Cmd: MAP CHECKDEP NOCLEARLOG
[2017.03.10-10.42.31:304][  0]MapCheck: Info Map check complete: 0 Error(s), 0 Warning(s), took 34.696ms to complete.
[2017.03.10-10.42.31:304][  0]LogFileHelpers: Loading map 'Pong_Main' took 1.881
[2017.03.10-10.42.32:585][  0]LogCollectionManager: Loaded 0 collections in 0.001505 seconds
[2017.03.10-10.42.32:670][  0]LogFileCache: Scanning file cache for directory 'D:/Users/Callum/Desktop/Computing/COMP 140/Pong/Saved/Collections/' took 0.01s
[2017.03.10-10.42.32:670][  0]LogFileCache: Scanning file cache for directory 'D:/Users/Callum/Desktop/Computing/COMP 140/Pong/Content/Developers/Callum/Collections/' took 0.01s
[2017.03.10-10.42.32:670][  0]LogFileCache: Scanning file cache for directory 'D:/Users/Callum/Desktop/Computing/COMP 140/Pong/Content/Collections/' took 0.01s
[2017.03.10-10.42.32:670][  0]LogCollectionManager: Rebuilt the GUID cache for 0 collections in 0.000003 seconds
[2017.03.10-10.42.32:681][  0]LogContentBrowser: Native class hierarchy populated in 0.0100 seconds. Added 2047 classes and 369 folders.
[2017.03.10-10.42.32:710][  0]LogStats: UGameplayTagsManager::ConstructGameplayTagTree: Construct from data asset -  0.000 s
[2017.03.10-10.42.32:718][  0]LogStats: UGameplayTagsManager::ConstructGameplayTagTree: GameplayTagTreeChangedEvent.Broadcast -  0.008 s
[2017.03.10-10.42.32:719][  0]LogContentBrowser: Native class hierarchy updated for 'GameplayTags' in 0.0005 seconds. Added 12 classes and 0 folders.
[2017.03.10-10.42.32:738][  0]LogContentBrowser: Native class hierarchy updated for 'WidgetCarousel' in 0.0005 seconds. Added 0 classes and 0 folders.
[2017.03.10-10.42.33:812][  0]LogContentBrowser: Native class hierarchy updated for 'AddContentDialog' in 0.0004 seconds. Added 0 classes and 0 folders.
[2017.03.10-10.42.34:023][  0]LogContentBrowser: Native class hierarchy updated for 'SceneOutliner' in 0.0004 seconds. Added 1 classes and 2 folders.
[2017.03.10-10.42.35:138][  0]LogCrashTracker: Crashtracker disabled due to settings.
[2017.03.10-10.42.35:379][  0]LogUObjectGlobals:Warning: Failed to find object 'Class None.'
[2017.03.10-10.42.35:458][  0]LogContentBrowser: Native class hierarchy updated for 'HierarchicalLODOutliner' in 0.0004 seconds. Added 1 classes and 2 folders.
[2017.03.10-10.42.35:458][  0]LogLoad: Full Startup: 52.66 seconds (BP compile: 0.52 seconds)
[2017.03.10-10.42.35:458][  0]LogExternalProfiler: Found external profiler: VSPerf
[2017.03.10-10.42.35:458][  0]LogExternalProfiler: Using external profiler: VSPerf
[2017.03.10-10.42.35:512][  0]LogOcInput: OculusInput pre-init called
[2017.03.10-10.42.35:746][  0]LogContentStreaming: Texture pool size now 1000 MB
[2017.03.10-10.42.36:527][  0]LogRenderer: Reallocating scene render targets to support 1208x576 (Frame:2).
[2017.03.10-10.42.37:659][  3]LogAssetRegistry: Asset discovery search completed in 32.6862 seconds
[2017.03.10-10.42.37:675][  3]LogCollectionManager: Rebuilt the object cache for 0 collections in 0.000000 seconds (found 0 objects)
[2017.03.10-10.42.37:675][  3]LogCollectionManager: Fixed up redirectors for 0 collections in 0.016216 seconds (updated 0 objects)
[2017.03.10-10.42.41:292][117]LogContentBrowser: Native class hierarchy updated for 'BlueprintGraph' in 0.0009 seconds. Added 111 classes and 0 folders.
[2017.03.10-10.42.44:042][117]PIE:Warning: Warning Invalid Simulate Options: Body (BP_Ball_C_28.Ball StaticMesh_PongBall) is set to simulate physics but Collision Enabled is incompatible
[2017.03.10-10.42.44:042][117]PIE:Warning: Warning Invalid Simulate Options: Body (BP_Ball_C_28.Ball StaticMesh_PongBall) is set to simulate physics but Collision Enabled is incompatible
[2017.03.10-10.44.07:258][ 10]Cmd: OBJ SAVEPACKAGE PACKAGE="/Game/Blueprints/BP_Ball" FILE="../../../../../Users/Callum/Desktop/Computing/COMP 140/Pong/Content/Blueprints/BP_Ball.uasset" SILENT=true
[2017.03.10-10.44.07:456][ 10]LogSavePackage: Save=104.96ms
[2017.03.10-10.44.07:456][ 10]LogSavePackage: Moving '../../../../../Users/Callum/Desktop/Computing/COMP 140/Pong/Saved/BP_BallD51BF14241972434B05913A6C628A69A.tmp' to '../../../../../Users/Callum/Desktop/Computing/COMP 140/Pong/Content/Blueprints/BP_Ball.uasset'
[2017.03.10-10.44.07:489][ 10]LogSavePackage:Display: Finished SavePackage ../../../../../Users/Callum/Desktop/Computing/COMP 140/Pong/Content/Blueprints/BP_Ball.uasset
[2017.03.10-10.44.10:508][176]LogText:Warning: Failed to parse argument "GameModeName" as a number (using "0" as a fallback). Please check your format string for errors: "GameMode: Edit {GameModeName}".
[2017.03.10-10.44.18:544][620]LogWindowsTextInputMethodSystem:Display: IME system now deactivated.
[2017.03.10-10.44.18:753][621]Cmd: QUIT_EDITOR
[2017.03.10-10.44.18:929][621]LogExit: Preparing to exit.
[2017.03.10-10.44.19:333][621]LogExit: Editor shut down
[2017.03.10-10.44.19:333][621]LogExit: Transaction tracking system shut down
[2017.03.10-10.44.19:800][621]LogObj: Freed 0b from 0 cluster array pools.
[2017.03.10-10.44.19:800][621]LogExit: Object subsystem successfully closed.
[2017.03.10-10.44.19:915][621]LogD3D11RHI: Shutdown
[2017.03.10-10.44.19:915][621]LogD3D11RHI: CleanupD3DDevice
[2017.03.10-10.44.20:002][621]LogD3D11RHI: ~FD3D11DynamicRHI
[2017.03.10-10.44.20:240][621]LogModuleManager: Shutting down and abandoning module BlueprintGraph (214)
[2017.03.10-10.44.20:240][621]LogModuleManager: Shutting down and abandoning module HierarchicalLODOutliner (213)
[2017.03.10-10.44.20:240][621]LogModuleManager: Shutting down and abandoning module CrashTracker (212)
[2017.03.10-10.44.20:240][621]LogModuleManager: Shutting down and abandoning module SceneOutliner (211)
[2017.03.10-10.44.20:240][621]LogModuleManager: Shutting down and abandoning module WidgetCarousel (210)
[2017.03.10-10.44.20:240][621]LogModuleManager: Shutting down and abandoning module AddContentDialog (209)
[2017.03.10-10.44.20:241][621]LogModuleManager: Shutting down and abandoning module GameplayTags (208)
[2017.03.10-10.44.20:241][621]LogModuleManager: Shutting down and abandoning module EditorWidgets (207)
[2017.03.10-10.44.20:241][621]LogModuleManager: Shutting down and abandoning module CollectionManager (206)
[2017.03.10-10.44.20:241][621]LogModuleManager: Shutting down and abandoning module StatsViewer (205)
[2017.03.10-10.44.20:252][621]LogModuleManager: Shutting down and abandoning module FoliageEdit (204)
[2017.03.10-10.44.20:252][621]LogModuleManager: Shutting down and abandoning module LandscapeEditor (203)
[2017.03.10-10.44.20:262][621]LogModuleManager: Shutting down and abandoning module SceneDepthPickerMode (202)
[2017.03.10-10.44.20:262][621]LogModuleManager: Shutting down and abandoning module ActorPickerMode (201)
[2017.03.10-10.44.20:262][621]LogModuleManager: Shutting down and abandoning module GeometryMode (200)
[2017.03.10-10.44.20:262][621]LogModuleManager: Shutting down and abandoning module TextureAlignMode (199)
[2017.03.10-10.44.20:262][621]LogModuleManager: Shutting down and abandoning module BspMode (198)
[2017.03.10-10.44.20:262][621]LogModuleManager: Shutting down and abandoning module HardwareSurvey (197)
[2017.03.10-10.44.20:262][621]LogModuleManager: Shutting down and abandoning module SequenceRecorderSections (196)
[2017.03.10-10.44.20:262][621]LogModuleManager: Shutting down and abandoning module SequenceRecorder (195)
[2017.03.10-10.44.20:262][621]LogModuleManager: Shutting down and abandoning module AutomationWorker (194)
[2017.03.10-10.44.20:262][621]LogModuleManager: Shutting down and abandoning module MatineeToLevelSequence (193)
[2017.03.10-10.44.20:262][621]LogModuleManager: Shutting down and abandoning module PlacementMode (192)
[2017.03.10-10.44.20:267][621]LogModuleManager: Shutting down and abandoning module LevelSequenceEditor (191)
[2017.03.10-10.44.20:267][621]LogModuleManager: Shutting down and abandoning module CharacterAI (190)
[2017.03.10-10.44.20:267][621]LogModuleManager: Shutting down and abandoning module SmartSnapping (189)
[2017.03.10-10.44.20:267][621]LogModuleManager: Shutting down and abandoning module SessionServices (188)
[2017.03.10-10.44.20:267][621]LogModuleManager: Shutting down and abandoning module ViewportSnapping (187)
[2017.03.10-10.44.20:267][621]LogModuleManager: Shutting down and abandoning module LogVisualizer (186)
[2017.03.10-10.44.20:276][621]LogModuleManager: Shutting down and abandoning module GameProjectGeneration (185)
[2017.03.10-10.44.20:283][621]LogModuleManager: Shutting down and abandoning module IntroTutorials (184)
[2017.03.10-10.44.20:283][621]LogModuleManager: Shutting down and abandoning module EditorLiveStreaming (183)
[2017.03.10-10.44.20:283][621]LogModuleManager: Shutting down and abandoning module IOSPlatformEditor (182)
[2017.03.10-10.44.20:283][621]LogModuleManager: Shutting down and abandoning module HTML5PlatformEditor (181)
[2017.03.10-10.44.20:283][621]LogModuleManager: Shutting down and abandoning module AndroidDeviceDetection (180)
[2017.03.10-10.44.20:694][621]LogModuleManager: Shutting down and abandoning module AndroidPlatformEditor (179)
[2017.03.10-10.44.20:694][621]LogModuleManager: Shutting down and abandoning module IOSRuntimeSettings (178)
[2017.03.10-10.44.20:694][621]LogModuleManager: Shutting down and abandoning module AndroidRuntimeSettings (177)
[2017.03.10-10.44.20:694][621]LogModuleManager: Shutting down and abandoning module MergeActors (176)
[2017.03.10-10.44.20:733][621]LogModuleManager: Shutting down and abandoning module SizeMap (175)
[2017.03.10-10.44.20:733][621]LogModuleManager: Shutting down and abandoning module TreeMap (174)
[2017.03.10-10.44.20:733][621]LogModuleManager: Shutting down and abandoning module ReferenceViewer (173)
[2017.03.10-10.44.20:733][621]LogModuleManager: Shutting down and abandoning module LocalizationService (172)
[2017.03.10-10.44.20:741][621]LogModuleManager: Shutting down and abandoning module LocalizationDashboard (171)
[2017.03.10-10.44.20:746][621]LogModuleManager: Shutting down and abandoning module HardwareTargeting (170)
[2017.03.10-10.44.20:746][621]LogModuleManager: Shutting down and abandoning module DeviceProfileEditor (169)
[2017.03.10-10.44.20:754][621]LogModuleManager: Shutting down and abandoning module UndoHistory (168)
[2017.03.10-10.44.20:754][621]LogModuleManager: Shutting down and abandoning module UserFeedback (167)
[2017.03.10-10.44.20:754][621]LogModuleManager: Shutting down and abandoning module XmlParser (166)
[2017.03.10-10.44.20:754][621]LogModuleManager: Shutting down and abandoning module Blutility (165)
[2017.03.10-10.44.20:754][621]LogModuleManager: Shutting down and abandoning module ProjectTargetPlatformEditor (164)
[2017.03.10-10.44.20:754][621]LogModuleManager: Shutting down and abandoning module ProjectSettingsViewer (163)
[2017.03.10-10.44.20:754][621]LogModuleManager: Shutting down and abandoning module InputBindingEditor (162)
[2017.03.10-10.44.20:754][621]LogModuleManager: Shutting down and abandoning module EditorSettingsViewer (161)
[2017.03.10-10.44.20:754][621]LogModuleManager: Shutting down and abandoning module SettingsEditor (160)
[2017.03.10-10.44.20:762][621]LogModuleManager: Shutting down and abandoning module ProjectLauncher (159)
[2017.03.10-10.44.20:788][621]LogModuleManager: Shutting down and abandoning module SessionFrontend (158)
[2017.03.10-10.44.20:800][621]LogModuleManager: Shutting down and abandoning module ProfilerClient (157)
[2017.03.10-10.44.20:811][621]LogModuleManager: Shutting down and abandoning module TargetDeviceServices (156)
[2017.03.10-10.44.20:811][621]LogModuleManager: Shutting down and abandoning module DeviceManager (155)
[2017.03.10-10.44.20:871][621]LogModuleManager: Shutting down and abandoning module AutomationController (154)
[2017.03.10-10.44.20:882][621]LogModuleManager: Shutting down and abandoning module AutomationWindow (153)
[2017.03.10-10.44.20:895][621]LogModuleManager: Shutting down and abandoning module Layers (152)
[2017.03.10-10.44.20:903][621]LogModuleManager: Shutting down and abandoning module ComponentVisualizers (151)
[2017.03.10-10.44.20:903][621]LogModuleManager: Shutting down and abandoning module DetailCustomizations (150)
[2017.03.10-10.44.20:912][621]LogModuleManager: Shutting down and abandoning module PackagesDialog (149)
[2017.03.10-10.44.20:912][621]LogModuleManager: Shutting down and abandoning module Persona (148)
[2017.03.10-10.44.20:936][621]LogModuleManager: Shutting down and abandoning module Kismet (147)
[2017.03.10-10.44.20:936][621]LogModuleManager: Shutting down and abandoning module GraphEditor (146)
[2017.03.10-10.44.20:936][621]LogModuleManager: Shutting down and abandoning module ClassViewer (145)
[2017.03.10-10.44.20:951][621]LogModuleManager: Shutting down and abandoning module Toolbox (144)
[2017.03.10-10.44.20:951][621]LogModuleManager: Shutting down and abandoning module ModuleUI (143)
[2017.03.10-10.44.20:962][621]LogModuleManager: Shutting down and abandoning module MovieSceneTools (142)
[2017.03.10-10.44.20:971][621]LogModuleManager: Shutting down and abandoning module OutputLog (141)
[2017.03.10-10.44.20:971][621]LogModuleManager: Shutting down and abandoning module GammaUI (140)
[2017.03.10-10.44.20:975][621]LogModuleManager: Shutting down and abandoning module Documentation (139)
[2017.03.10-10.44.20:975][621]LogModuleManager: Shutting down and abandoning module StreamingPauseRendering (138)
[2017.03.10-10.44.20:975][621]LogModuleManager: Shutting down and abandoning module AnalyticsET (137)
[2017.03.10-10.44.20:975][621]LogModuleManager: Shutting down and abandoning module Analytics (136)
[2017.03.10-10.44.20:975][621]LogModuleManager: Shutting down and abandoning module PortalServices (135)
[2017.03.10-10.44.20:975][621]LogModuleManager: Shutting down and abandoning module PortalRpc (134)
[2017.03.10-10.44.20:975][621]LogModuleManager: Shutting down and abandoning module MessagingRpc (133)
[2017.03.10-10.44.20:975][621]LogModuleManager: Shutting down and abandoning module GameplayDebugger (132)
[2017.03.10-10.44.20:975][621]LogModuleManager: Shutting down and abandoning module AITestSuite (131)
[2017.03.10-10.44.20:976][621]LogModuleManager: Shutting down and abandoning module AIModule (130)
[2017.03.10-10.44.20:976][621]LogModuleManager: Shutting down and abandoning module ProfilerService (129)
[2017.03.10-10.44.21:224][621]LogModuleManager: Shutting down and abandoning module TaskGraph (128)
[2017.03.10-10.44.21:230][621]LogModuleManager: Shutting down and abandoning module SlateRemote (127)
[2017.03.10-10.44.21:230][621]LogModuleManager: Shutting down and abandoning module SteamVRController (126)
[2017.03.10-10.44.21:230][621]LogModuleManager: Shutting down and abandoning module SteamVR (125)
[2017.03.10-10.44.21:230][621]LogModuleManager: Shutting down and abandoning module ProceduralMeshComponent (124)
[2017.03.10-10.44.21:230][621]LogModuleManager: Shutting down and abandoning module OculusLibrary (123)
[2017.03.10-10.44.21:230][621]LogModuleManager: Shutting down and abandoning module OculusInput (122)
[2017.03.10-10.44.21:230][621]LogModuleManager: Shutting down and abandoning module CustomMeshComponent (121)
[2017.03.10-10.44.21:230][621]LogModuleManager: Shutting down and abandoning module CableComponent (120)
[2017.03.10-10.44.21:230][621]LogModuleManager: Shutting down and abandoning module ArchVisCharacter (119)
[2017.03.10-10.44.21:230][621]LogModuleManager: Shutting down and abandoning module MediaPlayerEditor (118)
[2017.03.10-10.44.21:244][621]LogModuleManager: Shutting down and abandoning module HTML5Networking (117)
[2017.03.10-10.44.21:244][621]LogModuleManager: Shutting down and abandoning module SuperSearch (116)
[2017.03.10-10.44.21:244][621]LogModuleManager: Shutting down and abandoning module SuperSearchEditor (115)
[2017.03.10-10.44.21:244][621]LogModuleManager: Shutting down and abandoning module SpeedTreeImporter (114)
[2017.03.10-10.44.21:244][621]LogModuleManager: Shutting down and abandoning module PluginBrowser (113)
[2017.03.10-10.44.21:244][621]LogModuleManager: Shutting down and abandoning module EpicSurvey (112)
[2017.03.10-10.44.21:244][621]LogModuleManager: Shutting down and abandoning module DesktopPlatform (111)
[2017.03.10-10.44.21:244][621]LogModuleManager: Shutting down and abandoning module VisualStudioSourceCodeAccess (110)
[2017.03.10-10.44.21:244][621]LogModuleManager: Shutting down and abandoning module UObjectPlugin (109)
[2017.03.10-10.44.21:244][621]LogModuleManager: Shutting down and abandoning module SubversionSourceControl (108)
[2017.03.10-10.44.21:244][621]LogModuleManager: Shutting down and abandoning module PerforceSourceControl (107)
[2017.03.10-10.44.21:244][621]LogModuleManager: Shutting down and abandoning module SourceControl (106)
[2017.03.10-10.44.21:244][621]LogModuleManager: Shutting down and abandoning module GitSourceControl (105)
[2017.03.10-10.44.21:244][621]LogModuleManager: Shutting down and abandoning module LightPropagationVolumeEditor (104)
[2017.03.10-10.44.21:244][621]LogModuleManager: Shutting down and abandoning module PaperTiledImporter (103)
[2017.03.10-10.44.21:244][621]LogModuleManager: Shutting down and abandoning module PaperSpriteSheetImporter (102)
[2017.03.10-10.44.21:244][621]LogModuleManager: Shutting down and abandoning module MeshPaint (101)
[2017.03.10-10.44.21:244][621]LogModuleManager: Shutting down and abandoning module PixelInspectorModule (100)
[2017.03.10-10.44.21:244][621]LogModuleManager: Shutting down and abandoning module HotReload (99)
[2017.03.10-10.44.21:245][621]LogModuleManager: Shutting down and abandoning module MainFrame (98)
[2017.03.10-10.44.21:245][621]LogModuleManager: Shutting down and abandoning module LevelEditor (97)
[2017.03.10-10.44.21:245][621]LogModuleManager: Shutting down and abandoning module ContentBrowser (96)
[2017.03.10-10.44.21:246][621]LogModuleManager: Shutting down and abandoning module Paper2DEditor (95)
[2017.03.10-10.44.21:257][621]LogModuleManager: Shutting down and abandoning module UdpMessaging (94)
[2017.03.10-10.44.21:358][621]LogModuleManager: Shutting down and abandoning module LightPropagationVolumeRuntime (93)
[2017.03.10-10.44.21:358][621]LogModuleManager: Shutting down and abandoning module Paper2D (92)
[2017.03.10-10.44.21:358][621]LogModuleManager: Shutting down and abandoning module WindowsMoviePlayer (91)
[2017.03.10-10.44.21:358][621]LogModuleManager: Shutting down and abandoning module Media (90)
[2017.03.10-10.44.21:358][621]LogModuleManager: Shutting down and abandoning module WmfMedia (89)
[2017.03.10-10.44.21:368][621]LogModuleManager: Shutting down and abandoning module MediaAssets (88)
[2017.03.10-10.44.21:368][621]LogModuleManager: Shutting down and abandoning module GameLiveStreaming (87)
[2017.03.10-10.44.21:368][621]LogModuleManager: Shutting down and abandoning module GameplayTagsEditor (86)
[2017.03.10-10.44.21:368][621]LogModuleManager: Shutting down and abandoning module OnlineBlueprintSupport (85)
[2017.03.10-10.44.21:368][621]LogModuleManager: Shutting down and abandoning module VREditor (84)
[2017.03.10-10.44.21:379][621]LogModuleManager: Shutting down and abandoning module GameplayTasksEditor (83)
[2017.03.10-10.44.21:379][621]LogModuleManager: Shutting down and abandoning module PropertyEditor (82)
[2017.03.10-10.44.21:379][621]LogModuleManager: Shutting down and abandoning module BehaviorTreeEditor (81)
[2017.03.10-10.44.21:394][621]LogModuleManager: Shutting down and abandoning module FunctionalTesting (80)
[2017.03.10-10.44.21:406][621]LogModuleManager: Shutting down and abandoning module CollisionAnalyzer (79)
[2017.03.10-10.44.21:416][621]LogModuleManager: Shutting down and abandoning module Sequencer (78)
[2017.03.10-10.44.21:431][621]LogModuleManager: Shutting down and abandoning module WorkspaceMenuStructure (77)
[2017.03.10-10.44.21:431][621]LogModuleManager: Shutting down and abandoning module MessageLog (76)
[2017.03.10-10.44.21:431][621]LogModuleManager: Shutting down and abandoning module AssetTools (75)
[2017.03.10-10.44.21:445][621]LogModuleManager: Shutting down and abandoning module UMGEditor (74)
[2017.03.10-10.44.21:459][621]LogModuleManager: Shutting down and abandoning module UMG (73)
[2017.03.10-10.44.21:477][621]LogModuleManager: Shutting down and abandoning module SlateReflector (72)
[2017.03.10-10.44.21:482][621]LogModuleManager: Shutting down and abandoning module Slate (71)
[2017.03.10-10.44.21:483][621]LogModuleManager: Shutting down and abandoning module EditorStyle (70)
[2017.03.10-10.44.21:484][621]LogModuleManager: Shutting down and abandoning module SourceCodeAccess (69)
[2017.03.10-10.44.21:484][621]LogModuleManager: Shutting down and abandoning module HeadMountedDisplay (68)
[2017.03.10-10.44.21:484][621]LogModuleManager: Shutting down and abandoning module XAudio2 (67)
[2017.03.10-10.44.21:484][621]LogModuleManager: Shutting down and abandoning module Networking (65)
[2017.03.10-10.44.21:484][621]LogModuleManager: Shutting down and abandoning module Core (64)
[2017.03.10-10.44.21:484][621]LogModuleManager: Shutting down and abandoning module DirectoryWatcher (63)
[2017.03.10-10.44.21:485][621]LogModuleManager: Shutting down and abandoning module AssetRegistry (62)
[2017.03.10-10.44.21:695][621]LogModuleManager: Shutting down and abandoning module KismetCompiler (61)
[2017.03.10-10.44.21:695][621]LogModuleManager: Shutting down and abandoning module PhysXFormats (60)
[2017.03.10-10.44.21:695][621]LogModuleManager: Shutting down and abandoning module MeshUtilities (59)
[2017.03.10-10.44.21:700][621]LogModuleManager: Shutting down and abandoning module DerivedDataCache (58)
[2017.03.10-10.44.21:711][621]LogDerivedDataCache: Shutdown
[2017.03.10-10.44.21:711][621]LogModuleManager: Shutting down and abandoning module VulkanShaderFormat (57)
[2017.03.10-10.44.21:711][621]LogModuleManager: Shutting down and abandoning module ShaderFormatOpenGL (56)
[2017.03.10-10.44.21:724][621]LogModuleManager: Shutting down and abandoning module ShaderFormatD3D (55)
[2017.03.10-10.44.21:724][621]LogModuleManager: Shutting down and abandoning module MetalShaderFormat (54)
[2017.03.10-10.44.21:728][621]LogModuleManager: Shutting down and abandoning module TextureFormatUncompressed (53)
[2017.03.10-10.44.21:728][621]LogModuleManager: Shutting down and abandoning module TextureFormatPVR (52)
[2017.03.10-10.44.21:728][621]LogModuleManager: Shutting down and abandoning module TextureFormatIntelISPCTexComp (51)
[2017.03.10-10.44.21:728][621]LogModuleManager: Shutting down and abandoning module TextureFormatDXT (50)
[2017.03.10-10.44.21:728][621]LogModuleManager: Shutting down and abandoning module ImageWrapper (49)
[2017.03.10-10.44.21:728][621]LogModuleManager: Shutting down and abandoning module TextureFormatASTC (48)
[2017.03.10-10.44.21:728][621]LogModuleManager: Shutting down and abandoning module TextureFormatAndroid (47)
[2017.03.10-10.44.21:728][621]LogModuleManager: Shutting down and abandoning module AudioFormatOpus (46)
[2017.03.10-10.44.21:728][621]LogModuleManager: Shutting down and abandoning module AudioFormatOgg (45)
[2017.03.10-10.44.21:728][621]LogModuleManager: Shutting down and abandoning module AudioFormatADPCM (44)
[2017.03.10-10.44.21:728][621]LogModuleManager: Shutting down and abandoning module LinuxTargetPlatform (43)
[2017.03.10-10.44.21:728][621]LogModuleManager: Shutting down and abandoning module LinuxServerTargetPlatform (42)
[2017.03.10-10.44.21:728][621]LogModuleManager: Shutting down and abandoning module LinuxNoEditorTargetPlatform (41)
[2017.03.10-10.44.21:728][621]LogModuleManager: Shutting down and abandoning module TVOSTargetPlatform (40)
[2017.03.10-10.44.21:729][621]LogModuleManager: Shutting down and abandoning module Messaging (39)
[2017.03.10-10.44.21:729][621]LogModuleManager: Shutting down and abandoning module IOSTargetPlatform (38)
[2017.03.10-10.44.21:729][621]LogModuleManager: Shutting down and abandoning module HTML5TargetPlatform (37)
[2017.03.10-10.44.21:729][621]LogModuleManager: Shutting down and abandoning module Android_PVRTCTargetPlatform (36)
[2017.03.10-10.44.21:729][621]LogModuleManager: Shutting down and abandoning module Android_MultiTargetPlatform (35)
[2017.03.10-10.44.21:729][621]LogModuleManager: Shutting down and abandoning module Android_ETC2TargetPlatform (34)
[2017.03.10-10.44.21:729][621]LogModuleManager: Shutting down and abandoning module Android_ETC1TargetPlatform (33)
[2017.03.10-10.44.21:729][621]LogModuleManager: Shutting down and abandoning module Android_DXTTargetPlatform (32)
[2017.03.10-10.44.21:729][621]LogModuleManager: Shutting down and abandoning module Android_ATCTargetPlatform (31)
[2017.03.10-10.44.21:729][621]LogModuleManager: Shutting down and abandoning module Android_ASTCTargetPlatform (30)
[2017.03.10-10.44.21:729][621]LogModuleManager: Shutting down and abandoning module AndroidTargetPlatform (29)
[2017.03.10-10.44.21:729][621]LogModuleManager: Shutting down and abandoning module WindowsTargetPlatform (28)
[2017.03.10-10.44.21:729][621]LogModuleManager: Shutting down and abandoning module WindowsServerTargetPlatform (27)
[2017.03.10-10.44.21:729][621]LogModuleManager: Shutting down and abandoning module WindowsNoEditorTargetPlatform (26)
[2017.03.10-10.44.21:729][621]LogModuleManager: Shutting down and abandoning module WindowsClientTargetPlatform (25)
[2017.03.10-10.44.21:729][621]LogModuleManager: Shutting down and abandoning module AllDesktopTargetPlatform (24)
[2017.03.10-10.44.21:729][621]LogModuleManager: Shutting down and abandoning module TargetPlatform (23)
[2017.03.10-10.44.21:729][621]LogModuleManager: Shutting down and abandoning module InputCore (22)
[2017.03.10-10.44.21:729][621]LogModuleManager: Shutting down and abandoning module Settings (21)
[2017.03.10-10.44.21:729][621]LogModuleManager: Shutting down and abandoning module OnlineSubsystem (19)
[2017.03.10-10.44.21:729][621]LogModuleManager: Shutting down and abandoning module HTTP (18)
[2017.03.10-10.44.23:231][621]LogModuleManager: Shutting down and abandoning module XMPP (17)
[2017.03.10-10.44.23:273][621]LogModuleManager: Shutting down and abandoning module OculusRift (16)
[2017.03.10-10.44.23:288][621]LogModuleManager: Shutting down and abandoning module ExampleDeviceProfileSelector (15)
[2017.03.10-10.44.23:288][621]LogModuleManager: Shutting down and abandoning module TextureCompressor (14)
[2017.03.10-10.44.23:288][621]LogModuleManager: Shutting down and abandoning module ShaderCore (13)
[2017.03.10-10.44.23:288][621]LogModuleManager: Shutting down and abandoning module Landscape (12)
[2017.03.10-10.44.23:288][621]LogModuleManager: Shutting down and abandoning module SlateRHIRenderer (11)
[2017.03.10-10.44.23:301][621]LogModuleManager: Shutting down and abandoning module OpenGLDrv (10)
[2017.03.10-10.44.23:306][621]LogModuleManager: Shutting down and abandoning module D3D11RHI (9)
[2017.03.10-10.44.23:306][621]LogModuleManager: Shutting down and abandoning module AnimGraphRuntime (8)
[2017.03.10-10.44.23:306][621]LogModuleManager: Shutting down and abandoning module Renderer (7)
[2017.03.10-10.44.23:306][621]LogModuleManager: Shutting down and abandoning module Engine (6)
[2017.03.10-10.44.23:306][621]LogModuleManager: Shutting down and abandoning module CoreUObject (5)
[2017.03.10-10.44.23:306][621]LogModuleManager: Shutting down and abandoning module NetworkFile (4)
[2017.03.10-10.44.23:306][621]LogModuleManager: Shutting down and abandoning module StreamingFile (3)
[2017.03.10-10.44.23:306][621]LogModuleManager: Shutting down and abandoning module SandboxFile (2)
[2017.03.10-10.44.23:306][621]LogModuleManager: Shutting down and abandoning module PakFile (1)
[2017.03.10-10.44.23:320][621]LogExit: Exiting.
[2017.03.10-10.44.23:322][621]Log file closed, 03/10/17 10:44:23
