Log file open, 03/18/17 14:33:58
LogInit:Display: Running engine for game: Pong
LogPlatformFile: Not using cached read wrapper
LogInit:Display: RandInit(472166023) SRandInit(472166025).
LogTaskGraph: Started task graph with 4 named threads and 7 total threads with 1 sets of task threads.
LogStats: Stats thread started at 0.113510
LogInit: Version: 4.12.5-3039270+++UE4+Release-4.12
LogInit: API Version: 2992821
LogInit: Net Version: 3039270
LogDevObjectVersion: Number of dev versions registered: 13
LogDevObjectVersion:   Dev-Blueprints (B0D832E4-1F89-4F0D-ACCF-7EB736FD4AA2): 3
LogDevObjectVersion:   Dev-Build (E1C64328-A22C-4D53-A36C-8E866417BD8C): 0
LogDevObjectVersion:   Dev-Core (375EC13C-06E4-48FB-B500-84F0262A717E): 1
LogDevObjectVersion:   Dev-Editor (E4B068ED-F494-42E9-A231-DA0B2E46BB41): 2
LogDevObjectVersion:   Dev-Framework (CFFC743F-43B0-4480-9391-14DF171D2073): 6
LogDevObjectVersion:   Dev-Mobile (B02B49B5-BB20-44E9-A304-32B752E40360): 0
LogDevObjectVersion:   Dev-Networking (A4E4105C-59A1-49B5-A7C5-40C4547EDFEE): 0
LogDevObjectVersion:   Dev-Online (39C831C9-5AE6-47DC-9A44-9C173E1C8E7C): 0
LogDevObjectVersion:   Dev-Physics (78F01B33-EBEA-4F98-B9B4-84EACCB95AA2): 0
LogDevObjectVersion:   Dev-Platform (6631380F-2D4D-43E0-8009-CF276956A95A): 0
LogDevObjectVersion:   Dev-Rendering (12F88B9F-8875-4AFC-A67C-D90C383ABD29): 2
LogDevObjectVersion:   Dev-Sequencer (7B5AE74C-D270-4C10-A958-57980B212A5A): 0
LogDevObjectVersion:   Dev-VR (D7296918-1DD6-4BDD-9DE2-64A83CC13884): 0
LogInit: Compiled (64-bit): Jul  6 2016 09:09:46
LogInit: Compiled with Visual C++: 19.00.23026.00
LogInit: Build Configuration: Development
LogInit: Branch Name: ++UE4+Release-4.12
LogInit: Command line:  
LogInit: Base directory: D:/Unreal Engine/UE_4.12/Engine/Binaries/Win64/
LogInit: Installed Engine Build: 1
LogInit: Using libcurl 7.41.0
LogInit:  - built for x86_64-pc-win32
LogInit:  - supports SSL with WinSSL
LogInit:  - other features:
LogInit:      CURL_VERSION_SSL
LogInit:      CURL_VERSION_IPV6
LogInit:      CURL_VERSION_ASYNCHDNS
LogInit:      CURL_VERSION_LARGEFILE
LogInit:      CURL_VERSION_IDN
LogInit:  CurlRequestOptions (configurable via config and command line):
LogInit:  - bVerifyPeer = true  - Libcurl will verify peer certificate
LogInit:  - bUseHttpProxy = false  - Libcurl will NOT use HTTP proxy
LogInit:  - bDontReuseConnections = false  - Libcurl will reuse connections
LogInit:  - CertBundlePath = nullptr  - Libcurl will use whatever was configured at build time.
LogInit: Presizing for max 8388607 objects, including 0 objects not considered by GC, pre-allocating 0 bytes for permanent pool.
LogInit: Object subsystem initialized
[2017.03.18-14.33.58:955][  0]LogInit: Selected Device Profile: [Windows]
[2017.03.18-14.33.58:955][  0]LogInit: Applying CVar settings loaded from the selected device profile: [Windows]
[2017.03.18-14.33.59:144][  0]LogInit: Computer: MSI
[2017.03.18-14.33.59:144][  0]LogInit: User: Callum
[2017.03.18-14.33.59:144][  0]LogInit: CPU Page size=65536, Cores=4
[2017.03.18-14.33.59:144][  0]LogInit: High frequency timer resolution =2.531248 MHz
[2017.03.18-14.33.59:159][  0]LogMemory: Memory total: Physical=15.9GB (16GB approx)
[2017.03.18-14.33.59:166][  0]LogMemory: Platform Memory Stats for Windows
[2017.03.18-14.33.59:166][  0]LogMemory: Process Physical Memory: 190.88 MB used, 190.88 MB peak
[2017.03.18-14.33.59:166][  0]LogMemory: Process Virtual Memory: 195.36 MB used, 195.36 MB peak
[2017.03.18-14.33.59:166][  0]LogMemory: Physical Memory: 4850.75 MB used, 16259.88 MB total
[2017.03.18-14.33.59:166][  0]LogMemory: Virtual Memory: 553.80 MB used, 134217728.00 MB total
[2017.03.18-14.34.01:029][  0]LogTextLocalizationManager: No specific translations for ('en-GB') exist, so ('en') translations will be used.
[2017.03.18-14.34.02:027][  0]LogD3D11RHI: D3D11 adapters:
[2017.03.18-14.34.02:653][  0]LogD3D11RHI:    0. 'NVIDIA GeForce GTX 1060' (Feature Level 11_0)
[2017.03.18-14.34.02:653][  0]LogD3D11RHI:       6084/0/8129 MB DedicatedVideo/DedicatedSystem/SharedSystem, Outputs:1, VendorId:0x10de
[2017.03.18-14.34.02:676][  0]LogD3D11RHI:    1. 'Intel(R) HD Graphics 530' (Feature Level 11_0)
[2017.03.18-14.34.02:676][  0]LogD3D11RHI:       128/0/8129 MB DedicatedVideo/DedicatedSystem/SharedSystem, Outputs:0, VendorId:0x8086
[2017.03.18-14.34.02:678][  0]LogD3D11RHI:    2. 'Microsoft Basic Render Driver' (Feature Level 11_0)
[2017.03.18-14.34.02:678][  0]LogD3D11RHI:       0/0/8129 MB DedicatedVideo/DedicatedSystem/SharedSystem, Outputs:0, VendorId:0x1414
[2017.03.18-14.34.02:678][  0]LogD3D11RHI: Chosen D3D11 Adapter: 0
[2017.03.18-14.34.02:683][  0]LogD3D11RHI: Creating new Direct3DDevice
[2017.03.18-14.34.02:683][  0]LogD3D11RHI:     GPU DeviceId: 0x1c20 (for the marketing name, search the web for "GPU Device Id")
[2017.03.18-14.34.02:692][  0]LogWindows: EnumDisplayDevices:
[2017.03.18-14.34.02:692][  0]LogWindows:    0. 'Intel(R) HD Graphics 530' (P:1 D:1)
[2017.03.18-14.34.02:692][  0]LogWindows:    1. 'Intel(R) HD Graphics 530' (P:0 D:0)
[2017.03.18-14.34.02:692][  0]LogWindows:    2. 'Intel(R) HD Graphics 530' (P:0 D:0)
[2017.03.18-14.34.02:692][  0]LogWindows:    3. 'NVIDIA GeForce GTX 1060' (P:0 D:0)
[2017.03.18-14.34.02:693][  0]LogWindows:    4. 'NVIDIA GeForce GTX 1060' (P:0 D:0)
[2017.03.18-14.34.02:693][  0]LogWindows:    5. 'NVIDIA GeForce GTX 1060' (P:0 D:0)
[2017.03.18-14.34.02:693][  0]LogWindows:    6. 'NVIDIA GeForce GTX 1060' (P:0 D:0)
[2017.03.18-14.34.02:693][  0]LogWindows: DebugString: PrimaryIsNotTheChoosenAdapter PrimaryIsNotTheChoosenAdapter PrimaryIsNotTheChoosenAdapter FoundDriverCount:4 
[2017.03.18-14.34.02:693][  0]LogD3D11RHI:     Adapter Name: NVIDIA GeForce GTX 1060
[2017.03.18-14.34.02:693][  0]LogD3D11RHI:   Driver Version: 378.78 (internal:21.21.13.7878, unified:378.78)
[2017.03.18-14.34.02:693][  0]LogD3D11RHI:      Driver Date: 2-23-2017
[2017.03.18-14.34.02:693][  0]LogRHI: Texture pool is 1361 MB (70% of 1945 MB)
[2017.03.18-14.34.03:307][  0]LogD3D11RHI: Async texture creation enabled
[2017.03.18-14.34.03:664][  0]LogD3D11RHI: GPU Timing Frequency: 1000.000000 (Debug: 2 1)
[2017.03.18-14.34.03:734][  0]LogShaderCompilers: Guid format shader working directory is -13 characters bigger than the processId version (../../../../../Users/Callum/Desktop/Computing/COMP 140/Pong/Intermediate/Shaders/WorkingDirectory/14648/).
[2017.03.18-14.34.03:734][  0]LogShaderCompilers: Cleaned the shader compiler working directory 'C:/Users/Callum/AppData/Local/Temp/UnrealShaderWorkingDir/3F6E07C94CDA60A138B4208FD67ED7B9/'.
[2017.03.18-14.34.03:741][  0]LogShaderCompilers:Display: Using Local Shader Compiler.
[2017.03.18-14.34.07:393][  0]LogTemp:Display: Loaded TP AllDesktopTargetPlatform
[2017.03.18-14.34.07:403][  0]LogTemp:Display: Loaded TP WindowsClientTargetPlatform
[2017.03.18-14.34.07:413][  0]LogTemp:Display: Loaded TP WindowsNoEditorTargetPlatform
[2017.03.18-14.34.07:423][  0]LogTemp:Display: Loaded TP WindowsServerTargetPlatform
[2017.03.18-14.34.07:434][  0]LogTemp:Display: Loaded TP WindowsTargetPlatform
[2017.03.18-14.34.07:454][  0]LogTemp:Display: Loaded TP AndroidTargetPlatform
[2017.03.18-14.34.07:474][  0]LogTemp:Display: Loaded TP Android_ASTCTargetPlatform
[2017.03.18-14.34.07:483][  0]LogTemp:Display: Loaded TP Android_ATCTargetPlatform
[2017.03.18-14.34.07:503][  0]LogTemp:Display: Loaded TP Android_DXTTargetPlatform
[2017.03.18-14.34.07:516][  0]LogTemp:Display: Loaded TP Android_ETC1TargetPlatform
[2017.03.18-14.34.07:531][  0]LogTemp:Display: Loaded TP Android_ETC2TargetPlatform
[2017.03.18-14.34.07:567][  0]LogTemp:Display: Loaded TP Android_MultiTargetPlatform
[2017.03.18-14.34.07:567][  0]LogTemp:Display: Loaded TP Android_PVRTCTargetPlatform
[2017.03.18-14.34.07:569][  0]LogTemp:Display: Loaded TP HTML5TargetPlatform
[2017.03.18-14.34.07:663][  0]LogTemp:Display: Loaded TP IOSTargetPlatform
[2017.03.18-14.34.07:672][  0]LogTemp:Display: Loaded TP TVOSTargetPlatform
[2017.03.18-14.34.07:691][  0]LogTemp:Display: Loaded TP LinuxNoEditorTargetPlatform
[2017.03.18-14.34.07:709][  0]LogTemp:Display: Loaded TP LinuxServerTargetPlatform
[2017.03.18-14.34.07:736][  0]LogTemp:Display: Loaded TP LinuxTargetPlatform
[2017.03.18-14.34.07:736][  0]LogTargetPlatformManager:Display: Building Assets For Windows
[2017.03.18-14.34.08:440][  0]LogDerivedDataCache:Display: Max Cache Size: 512 MB
[2017.03.18-14.34.08:640][  0]LogDerivedDataCache: Loaded boot cache 0.20s 48MB C:/Users/Callum/AppData/Local/UnrealEngine/4.12/DerivedDataCache/Boot.ddc.
[2017.03.18-14.34.08:641][  0]LogDerivedDataCache:Display: Loaded Boot cache: C:/Users/Callum/AppData/Local/UnrealEngine/4.12/DerivedDataCache/Boot.ddc
[2017.03.18-14.34.08:641][  0]LogDerivedDataCache: FDerivedDataBackendGraph:  Pak pak cache file ../../../../../Users/Callum/Desktop/Computing/COMP 140/Pong/DerivedDataCache/DDC.ddp not found, will not use a pak cache.
[2017.03.18-14.34.08:641][  0]LogDerivedDataCache: Unable to find inner node Pak for hierarchical cache Hierarchy.
[2017.03.18-14.34.08:641][  0]LogDerivedDataCache: FDerivedDataBackendGraph:  CompressedPak pak cache file ../../../../../Users/Callum/Desktop/Computing/COMP 140/Pong/DerivedDataCache/Compressed.ddp not found, will not use a pak cache.
[2017.03.18-14.34.08:641][  0]LogDerivedDataCache: Unable to find inner node CompressedPak for hierarchical cache Hierarchy.
[2017.03.18-14.34.08:701][  0]LogDerivedDataCache:Display: Pak cache opened for reading ../../../Engine/DerivedDataCache/Compressed.ddp.
[2017.03.18-14.34.08:713][  0]LogDerivedDataCache: Using Local data cache path C:/Users/Callum/AppData/Local/UnrealEngine/Common/DerivedDataCache: Writable
[2017.03.18-14.34.16:429][  0]LogInit: Selected Device Profile: [Windows]
[2017.03.18-14.34.16:485][  0]LogContentStreaming: Texture pool size is 0.00 MB
[2017.03.18-14.34.19:347][  0]LogMeshUtilities: No automatic mesh reduction module available
[2017.03.18-14.34.19:347][  0]LogMeshUtilities: No automatic mesh merging module available
[2017.03.18-14.34.19:347][  0]LogMeshUtilities: No distributed automatic mesh merging module available
[2017.03.18-14.34.22:071][  0]LogAssetRegistry: FAssetRegistry took 0.0241 seconds to start up
[2017.03.18-14.34.22:301][  0]LogPackageLocalizationCache: Processed 3 localized package path(s) for 2 prioritized culture(s) in 0.160940 seconds
[2017.03.18-14.34.22:352][  0]LogUObjectArray: 28739 objects as part of root set at end of initial load.
[2017.03.18-14.34.22:352][  0]LogUObjectAllocator: 5855632 out of 0 bytes used by permanent object pool.
[2017.03.18-14.34.22:352][  0]LogUObjectArray: CloseDisregardForGC: 0/0 objects in disregard for GC pool
[2017.03.18-14.34.22:377][  0]LogInit: WinSock: version 1.1 (2.2), MaxSocks=32767, MaxUdp=65467
[2017.03.18-14.34.25:224][  0]LogSlate: SlateFontCache - WITH_FREETYPE: 1, WITH_HARFBUZZ: 1
[2017.03.18-14.34.25:224][  0]LogSlate: SlateFontCache - WITH_FREETYPE: 1, WITH_HARFBUZZ: 1
[2017.03.18-14.34.32:543][  0]LogUdpMessaging: Initializing bridge on interface 0.0.0.0:0 to multicast group 230.0.0.1:6666.
[2017.03.18-14.34.33:845][  0]SourceControl: Info Source control is disabled
[2017.03.18-14.34.33:925][  0]SourceControl: Info Source control is disabled
[2017.03.18-14.34.33:972][  0]SourceControl: Info Source control is disabled
[2017.03.18-14.34.33:991][  0]SourceControl: Info Source control is disabled
[2017.03.18-14.34.35:028][  0]LogEngine: Initializing Engine...
[2017.03.18-14.34.35:089][  0]LogHMD: SteamVR failed to initialize.  Err: 110
[2017.03.18-14.34.35:096][  0]LogHMD: SteamVR failed to initialize.  Err: 110
[2017.03.18-14.34.35:961][  0]LogAIModule: Creating AISystem for world NewWorld
[2017.03.18-14.34.36:110][  0]LogInit: XAudio2 using 'Speakers (Realtek High Definition Audio)' : 2 channels at 48 kHz using 32 bits per sample (channel mask 0x3)
[2017.03.18-14.34.36:144][  0]LogInit: FAudioDevice initialized.
[2017.03.18-14.34.36:168][  0]LogDerivedDataCache: Saved boot cache 0.02s 48MB C:/Users/Callum/AppData/Local/UnrealEngine/4.12/DerivedDataCache/Boot.ddc.
[2017.03.18-14.34.36:175][  0]LogInit: Texture streaming: Enabled
[2017.03.18-14.34.36:607][  0]LogInit: Transaction tracking system initialized
[2017.03.18-14.34.38:991][  0]BlueprintLog: New page: Editor Load
[2017.03.18-14.34.40:671][  0]LocalizationService: Info Localization service is disabled
[2017.03.18-14.34.41:304][  0]LogConsoleResponse:Display: 
[2017.03.18-14.34.43:463][  0]LogFileCache: Scanning file cache for directory 'D:/Users/Callum/Desktop/Computing/COMP 140/Pong/Content/' took 0.01s
[2017.03.18-14.34.43:463][  0]LogCook:Display: Max memory allowance for cook 8192mb
[2017.03.18-14.34.43:463][  0]LogCook:Display: Mobile HDR setting 1
[2017.03.18-14.34.44:671][  0]SourceControl: Info Source control is disabled
[2017.03.18-14.34.44:772][  0]Cmd: MAP LOAD FILE="../../../../../Users/Callum/Desktop/Computing/COMP 140/Pong/Content/Lavels/Pong_Main.umap" TEMPLATE=0 SHOWPROGRESS=1 FEATURELEVEL=3
[2017.03.18-14.34.44:834][  0]LightingResults: New page: Lighting Build
[2017.03.18-14.34.44:999][  0]MapCheck: New page: Map Check
[2017.03.18-14.34.44:999][  0]LightingResults: New page: Lighting Build
[2017.03.18-14.34.46:950][  0]LogAIModule: Creating AISystem for world Pong_Main
[2017.03.18-14.34.47:158][  0]PIE:Warning: Warning Invalid Simulate Options: Body (BP_Ball_108.Ball StaticMesh_PongBall) is set to simulate physics but Collision Enabled is incompatible
[2017.03.18-14.34.47:158][  0]PIE:Warning: Warning Invalid Simulate Options: Body (BP_Ball_108.Ball StaticMesh_PongBall) is set to simulate physics but Collision Enabled is incompatible
[2017.03.18-14.34.47:281][  0]PIE:Warning: Warning Invalid Simulate Options: Body (BP_Ball_108.Ball StaticMesh_PongBall) is set to simulate physics but Collision Enabled is incompatible
[2017.03.18-14.34.47:281][  0]PIE:Warning: Warning Invalid Simulate Options: Body (BP_Ball_108.Ball StaticMesh_PongBall) is set to simulate physics but Collision Enabled is incompatible
[2017.03.18-14.34.47:438][  0]LogEditorServer: Finished looking for orphan Actors (0.000 secs)
[2017.03.18-14.34.47:464][  0]Cmd: MAP CHECKDEP NOCLEARLOG
[2017.03.18-14.34.47:504][  0]MapCheck: Info Map check complete: 0 Error(s), 0 Warning(s), took 40.476ms to complete.
[2017.03.18-14.34.47:504][  0]LogFileHelpers: Loading map 'Pong_Main' took 2.789
[2017.03.18-14.34.48:752][  0]LogCollectionManager: Loaded 0 collections in 0.001654 seconds
[2017.03.18-14.34.48:837][  0]LogFileCache: Scanning file cache for directory 'D:/Users/Callum/Desktop/Computing/COMP 140/Pong/Saved/Collections/' took 0.01s
[2017.03.18-14.34.48:837][  0]LogFileCache: Scanning file cache for directory 'D:/Users/Callum/Desktop/Computing/COMP 140/Pong/Content/Developers/Callum/Collections/' took 0.01s
[2017.03.18-14.34.48:837][  0]LogFileCache: Scanning file cache for directory 'D:/Users/Callum/Desktop/Computing/COMP 140/Pong/Content/Collections/' took 0.01s
[2017.03.18-14.34.48:837][  0]LogCollectionManager: Rebuilt the GUID cache for 0 collections in 0.000003 seconds
[2017.03.18-14.34.48:848][  0]LogContentBrowser: Native class hierarchy populated in 0.0096 seconds. Added 2047 classes and 369 folders.
[2017.03.18-14.34.48:878][  0]LogStats: UGameplayTagsManager::ConstructGameplayTagTree: Construct from data asset -  0.000 s
[2017.03.18-14.34.48:878][  0]LogStats: UGameplayTagsManager::ConstructGameplayTagTree: GameplayTagTreeChangedEvent.Broadcast -  0.000 s
[2017.03.18-14.34.48:879][  0]LogContentBrowser: Native class hierarchy updated for 'GameplayTags' in 0.0005 seconds. Added 12 classes and 0 folders.
[2017.03.18-14.34.48:897][  0]LogContentBrowser: Native class hierarchy updated for 'WidgetCarousel' in 0.0004 seconds. Added 0 classes and 0 folders.
[2017.03.18-14.34.50:321][  0]LogContentBrowser: Native class hierarchy updated for 'AddContentDialog' in 0.0004 seconds. Added 0 classes and 0 folders.
[2017.03.18-14.34.50:621][  0]LogContentBrowser: Native class hierarchy updated for 'SceneOutliner' in 0.0005 seconds. Added 1 classes and 2 folders.
[2017.03.18-14.34.51:764][  0]LogCrashTracker: Crashtracker disabled due to settings.
[2017.03.18-14.34.51:969][  0]LogUObjectGlobals:Warning: Failed to find object 'Class None.'
[2017.03.18-14.34.52:107][  0]LogContentBrowser: Native class hierarchy updated for 'HierarchicalLODOutliner' in 0.0005 seconds. Added 1 classes and 2 folders.
[2017.03.18-14.34.52:107][  0]LogLoad: Full Startup: 56.49 seconds (BP compile: 0.54 seconds)
[2017.03.18-14.34.52:107][  0]LogExternalProfiler: Found external profiler: VSPerf
[2017.03.18-14.34.52:107][  0]LogExternalProfiler: Using external profiler: VSPerf
[2017.03.18-14.34.52:464][  0]LogOcInput: OculusInput pre-init called
[2017.03.18-14.34.52:709][  0]LogContentStreaming: Texture pool size now 1000 MB
[2017.03.18-14.34.53:805][  0]LogRenderer: Reallocating scene render targets to support 1208x576 (Frame:2).
[2017.03.18-14.34.54:735][  3]LogAssetRegistry: Asset discovery search completed in 32.6866 seconds
[2017.03.18-14.34.54:743][  3]LogCollectionManager: Rebuilt the object cache for 0 collections in 0.000000 seconds (found 0 objects)
[2017.03.18-14.34.54:743][  3]LogCollectionManager: Fixed up redirectors for 0 collections in 0.007581 seconds (updated 0 objects)
[2017.03.18-14.35.03:391][357]LogEditorViewport: Clicking on Actor (LMB): BP_Ball_C (BP_Ball)
[2017.03.18-14.35.15:211][960]LogContentBrowser: Native class hierarchy updated for 'BlueprintGraph' in 0.0009 seconds. Added 111 classes and 0 folders.
[2017.03.18-14.35.16:393][960]PIE:Warning: Warning Invalid Simulate Options: Body (BP_Ball_C_184.Ball StaticMesh_PongBall) is set to simulate physics but Collision Enabled is incompatible
[2017.03.18-14.35.16:393][960]PIE:Warning: Warning Invalid Simulate Options: Body (BP_Ball_C_184.Ball StaticMesh_PongBall) is set to simulate physics but Collision Enabled is incompatible
[2017.03.18-14.37.02:050][ 17]LogEditorTransaction: Undo Create Pin Link
[2017.03.18-14.37.02:095][ 17]PIE:Warning: Warning Invalid Simulate Options: Body (BP_Ball_108.Ball StaticMesh_PongBall) is set to simulate physics but Collision Enabled is incompatible
[2017.03.18-14.37.02:095][ 17]PIE:Warning: Warning Invalid Simulate Options: Body (BP_Ball_108.Ball StaticMesh_PongBall) is set to simulate physics but Collision Enabled is incompatible
[2017.03.18-14.37.02:098][ 17]PIE:Warning: Warning Invalid Simulate Options: Body (BP_Ball_108.Ball StaticMesh_PongBall) is set to simulate physics but Collision Enabled is incompatible
[2017.03.18-14.37.02:098][ 17]PIE:Warning: Warning Invalid Simulate Options: Body (BP_Ball_108.Ball StaticMesh_PongBall) is set to simulate physics but Collision Enabled is incompatible
[2017.03.18-14.37.02:099][ 17]PIE:Warning: Warning Invalid Simulate Options: Body (BP_Ball_C_184.Ball StaticMesh_PongBall) is set to simulate physics but Collision Enabled is incompatible
[2017.03.18-14.37.02:099][ 17]PIE:Warning: Warning Invalid Simulate Options: Body (BP_Ball_C_184.Ball StaticMesh_PongBall) is set to simulate physics but Collision Enabled is incompatible
[2017.03.18-14.37.02:099][ 17]PIE:Warning: Warning Invalid Simulate Options: Body (BP_Ball_C_184.Ball StaticMesh_PongBall) is set to simulate physics but Collision Enabled is incompatible
[2017.03.18-14.37.02:099][ 17]PIE:Warning: Warning Invalid Simulate Options: Body (BP_Ball_C_184.Ball StaticMesh_PongBall) is set to simulate physics but Collision Enabled is incompatible
[2017.03.18-14.37.06:739][288]LogEditorTransaction: Undo Delete current selection
[2017.03.18-14.37.06:746][288]PIE:Warning: Warning Invalid Simulate Options: Body (BP_Ball_108.Ball StaticMesh_PongBall) is set to simulate physics but Collision Enabled is incompatible
[2017.03.18-14.37.06:746][288]PIE:Warning: Warning Invalid Simulate Options: Body (BP_Ball_108.Ball StaticMesh_PongBall) is set to simulate physics but Collision Enabled is incompatible
[2017.03.18-14.37.06:746][288]PIE:Warning: Warning Invalid Simulate Options: Body (BP_Ball_108.Ball StaticMesh_PongBall) is set to simulate physics but Collision Enabled is incompatible
[2017.03.18-14.37.06:747][288]PIE:Warning: Warning Invalid Simulate Options: Body (BP_Ball_108.Ball StaticMesh_PongBall) is set to simulate physics but Collision Enabled is incompatible
[2017.03.18-14.37.06:747][288]PIE:Warning: Warning Invalid Simulate Options: Body (BP_Ball_C_184.Ball StaticMesh_PongBall) is set to simulate physics but Collision Enabled is incompatible
[2017.03.18-14.37.06:747][288]PIE:Warning: Warning Invalid Simulate Options: Body (BP_Ball_C_184.Ball StaticMesh_PongBall) is set to simulate physics but Collision Enabled is incompatible
[2017.03.18-14.37.06:747][288]PIE:Warning: Warning Invalid Simulate Options: Body (BP_Ball_C_184.Ball StaticMesh_PongBall) is set to simulate physics but Collision Enabled is incompatible
[2017.03.18-14.37.06:747][288]PIE:Warning: Warning Invalid Simulate Options: Body (BP_Ball_C_184.Ball StaticMesh_PongBall) is set to simulate physics but Collision Enabled is incompatible
[2017.03.18-14.37.07:118][307]LogEditorTransaction: Undo Create Pin Link
[2017.03.18-14.37.07:125][307]PIE:Warning: Warning Invalid Simulate Options: Body (BP_Ball_108.Ball StaticMesh_PongBall) is set to simulate physics but Collision Enabled is incompatible
[2017.03.18-14.37.07:125][307]PIE:Warning: Warning Invalid Simulate Options: Body (BP_Ball_108.Ball StaticMesh_PongBall) is set to simulate physics but Collision Enabled is incompatible
[2017.03.18-14.37.07:125][307]PIE:Warning: Warning Invalid Simulate Options: Body (BP_Ball_108.Ball StaticMesh_PongBall) is set to simulate physics but Collision Enabled is incompatible
[2017.03.18-14.37.07:125][307]PIE:Warning: Warning Invalid Simulate Options: Body (BP_Ball_108.Ball StaticMesh_PongBall) is set to simulate physics but Collision Enabled is incompatible
[2017.03.18-14.37.07:125][307]PIE:Warning: Warning Invalid Simulate Options: Body (BP_Ball_C_184.Ball StaticMesh_PongBall) is set to simulate physics but Collision Enabled is incompatible
[2017.03.18-14.37.07:125][307]PIE:Warning: Warning Invalid Simulate Options: Body (BP_Ball_C_184.Ball StaticMesh_PongBall) is set to simulate physics but Collision Enabled is incompatible
[2017.03.18-14.37.07:126][307]PIE:Warning: Warning Invalid Simulate Options: Body (BP_Ball_C_184.Ball StaticMesh_PongBall) is set to simulate physics but Collision Enabled is incompatible
[2017.03.18-14.37.07:126][307]PIE:Warning: Warning Invalid Simulate Options: Body (BP_Ball_C_184.Ball StaticMesh_PongBall) is set to simulate physics but Collision Enabled is incompatible
[2017.03.18-14.37.07:564][330]LogEditorTransaction: Undo Move Node
[2017.03.18-14.37.07:571][330]PIE:Warning: Warning Invalid Simulate Options: Body (BP_Ball_108.Ball StaticMesh_PongBall) is set to simulate physics but Collision Enabled is incompatible
[2017.03.18-14.37.07:572][330]PIE:Warning: Warning Invalid Simulate Options: Body (BP_Ball_108.Ball StaticMesh_PongBall) is set to simulate physics but Collision Enabled is incompatible
[2017.03.18-14.37.07:572][330]PIE:Warning: Warning Invalid Simulate Options: Body (BP_Ball_108.Ball StaticMesh_PongBall) is set to simulate physics but Collision Enabled is incompatible
[2017.03.18-14.37.07:572][330]PIE:Warning: Warning Invalid Simulate Options: Body (BP_Ball_108.Ball StaticMesh_PongBall) is set to simulate physics but Collision Enabled is incompatible
[2017.03.18-14.37.07:572][330]PIE:Warning: Warning Invalid Simulate Options: Body (BP_Ball_C_184.Ball StaticMesh_PongBall) is set to simulate physics but Collision Enabled is incompatible
[2017.03.18-14.37.07:573][330]PIE:Warning: Warning Invalid Simulate Options: Body (BP_Ball_C_184.Ball StaticMesh_PongBall) is set to simulate physics but Collision Enabled is incompatible
[2017.03.18-14.37.07:573][330]PIE:Warning: Warning Invalid Simulate Options: Body (BP_Ball_C_184.Ball StaticMesh_PongBall) is set to simulate physics but Collision Enabled is incompatible
[2017.03.18-14.37.07:573][330]PIE:Warning: Warning Invalid Simulate Options: Body (BP_Ball_C_184.Ball StaticMesh_PongBall) is set to simulate physics but Collision Enabled is incompatible
[2017.03.18-14.37.08:041][355]LogEditorTransaction: Undo Create Pin Link
[2017.03.18-14.37.08:049][355]PIE:Warning: Warning Invalid Simulate Options: Body (BP_Ball_108.Ball StaticMesh_PongBall) is set to simulate physics but Collision Enabled is incompatible
[2017.03.18-14.37.08:049][355]PIE:Warning: Warning Invalid Simulate Options: Body (BP_Ball_108.Ball StaticMesh_PongBall) is set to simulate physics but Collision Enabled is incompatible
[2017.03.18-14.37.08:049][355]PIE:Warning: Warning Invalid Simulate Options: Body (BP_Ball_108.Ball StaticMesh_PongBall) is set to simulate physics but Collision Enabled is incompatible
[2017.03.18-14.37.08:049][355]PIE:Warning: Warning Invalid Simulate Options: Body (BP_Ball_108.Ball StaticMesh_PongBall) is set to simulate physics but Collision Enabled is incompatible
[2017.03.18-14.37.08:050][355]PIE:Warning: Warning Invalid Simulate Options: Body (BP_Ball_C_184.Ball StaticMesh_PongBall) is set to simulate physics but Collision Enabled is incompatible
[2017.03.18-14.37.08:050][355]PIE:Warning: Warning Invalid Simulate Options: Body (BP_Ball_C_184.Ball StaticMesh_PongBall) is set to simulate physics but Collision Enabled is incompatible
[2017.03.18-14.37.08:050][355]PIE:Warning: Warning Invalid Simulate Options: Body (BP_Ball_C_184.Ball StaticMesh_PongBall) is set to simulate physics but Collision Enabled is incompatible
[2017.03.18-14.37.08:050][355]PIE:Warning: Warning Invalid Simulate Options: Body (BP_Ball_C_184.Ball StaticMesh_PongBall) is set to simulate physics but Collision Enabled is incompatible
[2017.03.18-14.37.08:646][387]LogEditorTransaction: Undo Move Node
[2017.03.18-14.37.08:653][387]PIE:Warning: Warning Invalid Simulate Options: Body (BP_Ball_108.Ball StaticMesh_PongBall) is set to simulate physics but Collision Enabled is incompatible
[2017.03.18-14.37.08:653][387]PIE:Warning: Warning Invalid Simulate Options: Body (BP_Ball_108.Ball StaticMesh_PongBall) is set to simulate physics but Collision Enabled is incompatible
[2017.03.18-14.37.08:653][387]PIE:Warning: Warning Invalid Simulate Options: Body (BP_Ball_108.Ball StaticMesh_PongBall) is set to simulate physics but Collision Enabled is incompatible
[2017.03.18-14.37.08:653][387]PIE:Warning: Warning Invalid Simulate Options: Body (BP_Ball_108.Ball StaticMesh_PongBall) is set to simulate physics but Collision Enabled is incompatible
[2017.03.18-14.37.08:654][387]PIE:Warning: Warning Invalid Simulate Options: Body (BP_Ball_C_184.Ball StaticMesh_PongBall) is set to simulate physics but Collision Enabled is incompatible
[2017.03.18-14.37.08:654][387]PIE:Warning: Warning Invalid Simulate Options: Body (BP_Ball_C_184.Ball StaticMesh_PongBall) is set to simulate physics but Collision Enabled is incompatible
[2017.03.18-14.37.08:654][387]PIE:Warning: Warning Invalid Simulate Options: Body (BP_Ball_C_184.Ball StaticMesh_PongBall) is set to simulate physics but Collision Enabled is incompatible
[2017.03.18-14.37.08:654][387]PIE:Warning: Warning Invalid Simulate Options: Body (BP_Ball_C_184.Ball StaticMesh_PongBall) is set to simulate physics but Collision Enabled is incompatible
[2017.03.18-14.37.09:119][412]LogEditorTransaction: Undo Create Pin Link
[2017.03.18-14.37.09:126][412]PIE:Warning: Warning Invalid Simulate Options: Body (BP_Ball_108.Ball StaticMesh_PongBall) is set to simulate physics but Collision Enabled is incompatible
[2017.03.18-14.37.09:126][412]PIE:Warning: Warning Invalid Simulate Options: Body (BP_Ball_108.Ball StaticMesh_PongBall) is set to simulate physics but Collision Enabled is incompatible
[2017.03.18-14.37.09:126][412]PIE:Warning: Warning Invalid Simulate Options: Body (BP_Ball_108.Ball StaticMesh_PongBall) is set to simulate physics but Collision Enabled is incompatible
[2017.03.18-14.37.09:126][412]PIE:Warning: Warning Invalid Simulate Options: Body (BP_Ball_108.Ball StaticMesh_PongBall) is set to simulate physics but Collision Enabled is incompatible
[2017.03.18-14.37.09:126][412]PIE:Warning: Warning Invalid Simulate Options: Body (BP_Ball_C_184.Ball StaticMesh_PongBall) is set to simulate physics but Collision Enabled is incompatible
[2017.03.18-14.37.09:126][412]PIE:Warning: Warning Invalid Simulate Options: Body (BP_Ball_C_184.Ball StaticMesh_PongBall) is set to simulate physics but Collision Enabled is incompatible
[2017.03.18-14.37.09:127][412]PIE:Warning: Warning Invalid Simulate Options: Body (BP_Ball_C_184.Ball StaticMesh_PongBall) is set to simulate physics but Collision Enabled is incompatible
[2017.03.18-14.37.09:127][412]PIE:Warning: Warning Invalid Simulate Options: Body (BP_Ball_C_184.Ball StaticMesh_PongBall) is set to simulate physics but Collision Enabled is incompatible
[2017.03.18-14.37.09:526][433]LogEditorTransaction: Undo Move Node
[2017.03.18-14.37.09:533][433]PIE:Warning: Warning Invalid Simulate Options: Body (BP_Ball_108.Ball StaticMesh_PongBall) is set to simulate physics but Collision Enabled is incompatible
[2017.03.18-14.37.09:533][433]PIE:Warning: Warning Invalid Simulate Options: Body (BP_Ball_108.Ball StaticMesh_PongBall) is set to simulate physics but Collision Enabled is incompatible
[2017.03.18-14.37.09:533][433]PIE:Warning: Warning Invalid Simulate Options: Body (BP_Ball_108.Ball StaticMesh_PongBall) is set to simulate physics but Collision Enabled is incompatible
[2017.03.18-14.37.09:533][433]PIE:Warning: Warning Invalid Simulate Options: Body (BP_Ball_108.Ball StaticMesh_PongBall) is set to simulate physics but Collision Enabled is incompatible
[2017.03.18-14.37.09:533][433]PIE:Warning: Warning Invalid Simulate Options: Body (BP_Ball_C_184.Ball StaticMesh_PongBall) is set to simulate physics but Collision Enabled is incompatible
[2017.03.18-14.37.09:533][433]PIE:Warning: Warning Invalid Simulate Options: Body (BP_Ball_C_184.Ball StaticMesh_PongBall) is set to simulate physics but Collision Enabled is incompatible
[2017.03.18-14.37.09:534][433]PIE:Warning: Warning Invalid Simulate Options: Body (BP_Ball_C_184.Ball StaticMesh_PongBall) is set to simulate physics but Collision Enabled is incompatible
[2017.03.18-14.37.09:534][433]PIE:Warning: Warning Invalid Simulate Options: Body (BP_Ball_C_184.Ball StaticMesh_PongBall) is set to simulate physics but Collision Enabled is incompatible
[2017.03.18-14.37.10:015][459]LogEditorTransaction: Undo Add Node
[2017.03.18-14.37.10:022][459]PIE:Warning: Warning Invalid Simulate Options: Body (BP_Ball_108.Ball StaticMesh_PongBall) is set to simulate physics but Collision Enabled is incompatible
[2017.03.18-14.37.10:022][459]PIE:Warning: Warning Invalid Simulate Options: Body (BP_Ball_108.Ball StaticMesh_PongBall) is set to simulate physics but Collision Enabled is incompatible
[2017.03.18-14.37.10:023][459]PIE:Warning: Warning Invalid Simulate Options: Body (BP_Ball_108.Ball StaticMesh_PongBall) is set to simulate physics but Collision Enabled is incompatible
[2017.03.18-14.37.10:023][459]PIE:Warning: Warning Invalid Simulate Options: Body (BP_Ball_108.Ball StaticMesh_PongBall) is set to simulate physics but Collision Enabled is incompatible
[2017.03.18-14.37.10:023][459]PIE:Warning: Warning Invalid Simulate Options: Body (BP_Ball_C_184.Ball StaticMesh_PongBall) is set to simulate physics but Collision Enabled is incompatible
[2017.03.18-14.37.10:023][459]PIE:Warning: Warning Invalid Simulate Options: Body (BP_Ball_C_184.Ball StaticMesh_PongBall) is set to simulate physics but Collision Enabled is incompatible
[2017.03.18-14.37.10:023][459]PIE:Warning: Warning Invalid Simulate Options: Body (BP_Ball_C_184.Ball StaticMesh_PongBall) is set to simulate physics but Collision Enabled is incompatible
[2017.03.18-14.37.10:023][459]PIE:Warning: Warning Invalid Simulate Options: Body (BP_Ball_C_184.Ball StaticMesh_PongBall) is set to simulate physics but Collision Enabled is incompatible
[2017.03.18-14.37.10:513][485]LogEditorTransaction: Undo Move Nodes
[2017.03.18-14.37.10:520][485]PIE:Warning: Warning Invalid Simulate Options: Body (BP_Ball_108.Ball StaticMesh_PongBall) is set to simulate physics but Collision Enabled is incompatible
[2017.03.18-14.37.10:520][485]PIE:Warning: Warning Invalid Simulate Options: Body (BP_Ball_108.Ball StaticMesh_PongBall) is set to simulate physics but Collision Enabled is incompatible
[2017.03.18-14.37.10:520][485]PIE:Warning: Warning Invalid Simulate Options: Body (BP_Ball_108.Ball StaticMesh_PongBall) is set to simulate physics but Collision Enabled is incompatible
[2017.03.18-14.37.10:520][485]PIE:Warning: Warning Invalid Simulate Options: Body (BP_Ball_108.Ball StaticMesh_PongBall) is set to simulate physics but Collision Enabled is incompatible
[2017.03.18-14.37.10:521][485]PIE:Warning: Warning Invalid Simulate Options: Body (BP_Ball_C_184.Ball StaticMesh_PongBall) is set to simulate physics but Collision Enabled is incompatible
[2017.03.18-14.37.10:521][485]PIE:Warning: Warning Invalid Simulate Options: Body (BP_Ball_C_184.Ball StaticMesh_PongBall) is set to simulate physics but Collision Enabled is incompatible
[2017.03.18-14.37.10:521][485]PIE:Warning: Warning Invalid Simulate Options: Body (BP_Ball_C_184.Ball StaticMesh_PongBall) is set to simulate physics but Collision Enabled is incompatible
[2017.03.18-14.37.10:521][485]PIE:Warning: Warning Invalid Simulate Options: Body (BP_Ball_C_184.Ball StaticMesh_PongBall) is set to simulate physics but Collision Enabled is incompatible
[2017.03.18-14.37.11:575][544]LogEditorTransaction: Undo Break Pin Links
[2017.03.18-14.37.11:582][544]PIE:Warning: Warning Invalid Simulate Options: Body (BP_Ball_108.Ball StaticMesh_PongBall) is set to simulate physics but Collision Enabled is incompatible
[2017.03.18-14.37.11:582][544]PIE:Warning: Warning Invalid Simulate Options: Body (BP_Ball_108.Ball StaticMesh_PongBall) is set to simulate physics but Collision Enabled is incompatible
[2017.03.18-14.37.11:582][544]PIE:Warning: Warning Invalid Simulate Options: Body (BP_Ball_108.Ball StaticMesh_PongBall) is set to simulate physics but Collision Enabled is incompatible
[2017.03.18-14.37.11:582][544]PIE:Warning: Warning Invalid Simulate Options: Body (BP_Ball_108.Ball StaticMesh_PongBall) is set to simulate physics but Collision Enabled is incompatible
[2017.03.18-14.37.11:583][544]PIE:Warning: Warning Invalid Simulate Options: Body (BP_Ball_C_184.Ball StaticMesh_PongBall) is set to simulate physics but Collision Enabled is incompatible
[2017.03.18-14.37.11:583][544]PIE:Warning: Warning Invalid Simulate Options: Body (BP_Ball_C_184.Ball StaticMesh_PongBall) is set to simulate physics but Collision Enabled is incompatible
[2017.03.18-14.37.11:583][544]PIE:Warning: Warning Invalid Simulate Options: Body (BP_Ball_C_184.Ball StaticMesh_PongBall) is set to simulate physics but Collision Enabled is incompatible
[2017.03.18-14.37.11:583][544]PIE:Warning: Warning Invalid Simulate Options: Body (BP_Ball_C_184.Ball StaticMesh_PongBall) is set to simulate physics but Collision Enabled is incompatible
[2017.03.18-14.38.33:882][711]BlueprintLog: New page: Compile BP_Ball
[2017.03.18-14.38.33:910][711]PIE:Warning: Warning Invalid Simulate Options: Body (BP_Ball_108.Ball StaticMesh_PongBall) is set to simulate physics but Collision Enabled is incompatible
[2017.03.18-14.38.33:910][711]PIE:Warning: Warning Invalid Simulate Options: Body (BP_Ball_108.Ball StaticMesh_PongBall) is set to simulate physics but Collision Enabled is incompatible
[2017.03.18-14.38.33:911][711]PIE:Warning: Warning Invalid Simulate Options: Body (BP_Ball_108.Ball StaticMesh_PongBall) is set to simulate physics but Collision Enabled is incompatible
[2017.03.18-14.38.33:911][711]PIE:Warning: Warning Invalid Simulate Options: Body (BP_Ball_108.Ball StaticMesh_PongBall) is set to simulate physics but Collision Enabled is incompatible
[2017.03.18-14.38.33:916][711]PIE:Warning: Warning Invalid Simulate Options: Body (BP_Ball_C_184.Ball StaticMesh_PongBall) is set to simulate physics but Collision Enabled is incompatible
[2017.03.18-14.38.33:916][711]PIE:Warning: Warning Invalid Simulate Options: Body (BP_Ball_C_184.Ball StaticMesh_PongBall) is set to simulate physics but Collision Enabled is incompatible
[2017.03.18-14.38.33:916][711]PIE:Warning: Warning Invalid Simulate Options: Body (BP_Ball_C_184.Ball StaticMesh_PongBall) is set to simulate physics but Collision Enabled is incompatible
[2017.03.18-14.38.33:916][711]PIE:Warning: Warning Invalid Simulate Options: Body (BP_Ball_C_184.Ball StaticMesh_PongBall) is set to simulate physics but Collision Enabled is incompatible
[2017.03.18-14.38.34:403][711]PIE:Warning: Warning Invalid Simulate Options: Body (BP_Ball_108.Ball StaticMesh_PongBall) is set to simulate physics but Collision Enabled is incompatible
[2017.03.18-14.38.34:403][711]PIE:Warning: Warning Invalid Simulate Options: Body (BP_Ball_108.Ball StaticMesh_PongBall) is set to simulate physics but Collision Enabled is incompatible
[2017.03.18-14.38.34:404][711]PIE:Warning: Warning Invalid Simulate Options: Body (BP_Ball_108.Ball StaticMesh_PongBall) is set to simulate physics but Collision Enabled is incompatible
[2017.03.18-14.38.34:404][711]PIE:Warning: Warning Invalid Simulate Options: Body (BP_Ball_108.Ball StaticMesh_PongBall) is set to simulate physics but Collision Enabled is incompatible
[2017.03.18-14.38.34:404][711]PIE:Warning: Warning Invalid Simulate Options: Body (BP_Ball_C_184.Ball StaticMesh_PongBall) is set to simulate physics but Collision Enabled is incompatible
[2017.03.18-14.38.34:404][711]PIE:Warning: Warning Invalid Simulate Options: Body (BP_Ball_C_184.Ball StaticMesh_PongBall) is set to simulate physics but Collision Enabled is incompatible
[2017.03.18-14.38.34:405][711]PIE:Warning: Warning Invalid Simulate Options: Body (BP_Ball_C_184.Ball StaticMesh_PongBall) is set to simulate physics but Collision Enabled is incompatible
[2017.03.18-14.38.34:405][711]PIE:Warning: Warning Invalid Simulate Options: Body (BP_Ball_C_184.Ball StaticMesh_PongBall) is set to simulate physics but Collision Enabled is incompatible
[2017.03.18-14.38.34:413][711]BlueprintEditorCompileResults: Info [0278.79] Compile of BP_Ball successful! [in 524 ms] (/Game/Blueprints/BP_Ball.BP_Ball)
[2017.03.18-14.38.35:985][795]LogBlueprintUserMessages: Early PlayInEditor Detection: Level '/Game/Lavels/Pong_Main.Pong_Main:PersistentLevel' has LevelScriptBlueprint '/Game/Lavels/Pong_Main.Pong_Main:PersistentLevel.Pong_Main' with GeneratedClass '/Game/Lavels/Pong_Main.Pong_Main_C' with ClassGeneratedBy '/Game/Lavels/Pong_Main.Pong_Main:PersistentLevel.Pong_Main'
[2017.03.18-14.38.35:997][795]LogPlayLevel: PlayLevel: No blueprints needed recompiling
[2017.03.18-14.38.36:050][795]PIE: New page: PIE session: Pong_Main (18 Mar 2017 14:38:35)
[2017.03.18-14.38.36:050][795]LogPlayLevel: Creating play world package: /Game/Lavels/UEDPIE_0_Pong_Main
[2017.03.18-14.38.36:063][795]LogPlayLevel: PIE: StaticDuplicateObject took: (0.012207s)
[2017.03.18-14.38.36:063][795]LogAIModule: Creating AISystem for world Pong_Main
[2017.03.18-14.38.36:063][795]LogPlayLevel: PIE: World Init took: (0.000658s)
[2017.03.18-14.38.36:064][795]LogPlayLevel: PIE: Created PIE world by copying editor world from /Game/Lavels/Pong_Main.Pong_Main to /Game/Lavels/UEDPIE_0_Pong_Main.Pong_Main (0.013125s)
[2017.03.18-14.38.36:084][795]LogInit: XAudio2 using 'Speakers (Realtek High Definition Audio)' : 2 channels at 48 kHz using 32 bits per sample (channel mask 0x3)
[2017.03.18-14.38.36:112][795]LogInit: FAudioDevice initialized.
[2017.03.18-14.38.36:246][795]LogWorld: Game class is 'PangGamemode_C'
[2017.03.18-14.38.36:289][795]PIE:Warning: Warning Invalid Simulate Options: Body (BP_Ball_108.Ball StaticMesh_PongBall) is set to simulate physics but Collision Enabled is incompatible
[2017.03.18-14.38.36:289][795]PIE:Warning: Warning Invalid Simulate Options: Body (BP_Ball_108.Ball StaticMesh_PongBall) is set to simulate physics but Collision Enabled is incompatible
[2017.03.18-14.38.36:289][795]LogWorld: Bringing World /Game/Lavels/UEDPIE_0_Pong_Main.Pong_Main up for play (max tick rate 60) at 2017.03.18-14.38.36
[2017.03.18-14.38.36:291][795]LogWorld: Bringing up level for play took: 0.003667
[2017.03.18-14.38.36:370][795]LogContentBrowser: Native class hierarchy updated for 'MovieSceneCapture' in 0.0006 seconds. Added 11 classes and 0 folders.
[2017.03.18-14.38.36:372][795]PIE: Info Play in editor start time for /Game/Lavels/UEDPIE_0_Pong_Main 1.364
[2017.03.18-14.38.36:372][795]LogBlueprintUserMessages: Late PlayInEditor Detection: Level '/Game/Lavels/Pong_Main.Pong_Main:PersistentLevel' has LevelScriptBlueprint '/Game/Lavels/Pong_Main.Pong_Main:PersistentLevel.Pong_Main' with GeneratedClass '/Game/Lavels/Pong_Main.Pong_Main_C' with ClassGeneratedBy '/Game/Lavels/Pong_Main.Pong_Main:PersistentLevel.Pong_Main'
[2017.03.18-14.38.49:519][567]LogBlueprintUserMessages: Early EndPlayMap Detection: Level '/Game/Lavels/Pong_Main.Pong_Main:PersistentLevel' has LevelScriptBlueprint '/Game/Lavels/Pong_Main.Pong_Main:PersistentLevel.Pong_Main' with GeneratedClass '/Game/Lavels/Pong_Main.Pong_Main_C' with ClassGeneratedBy '/Game/Lavels/Pong_Main.Pong_Main:PersistentLevel.Pong_Main'
[2017.03.18-14.38.49:665][567]LogBlueprintUserMessages: Late EndPlayMap Detection: Level '/Game/Lavels/Pong_Main.Pong_Main:PersistentLevel' has LevelScriptBlueprint '/Game/Lavels/Pong_Main.Pong_Main:PersistentLevel.Pong_Main' with GeneratedClass '/Game/Lavels/Pong_Main.Pong_Main_C' with ClassGeneratedBy '/Game/Lavels/Pong_Main.Pong_Main:PersistentLevel.Pong_Main'
[2017.03.18-14.39.03:108][357]BlueprintLog: New page: Compile BP_Ball
[2017.03.18-14.39.03:132][357]PIE:Warning: Warning Invalid Simulate Options: Body (BP_Ball_108.Ball StaticMesh_PongBall) is set to simulate physics but Collision Enabled is incompatible
[2017.03.18-14.39.03:133][357]PIE:Warning: Warning Invalid Simulate Options: Body (BP_Ball_108.Ball StaticMesh_PongBall) is set to simulate physics but Collision Enabled is incompatible
[2017.03.18-14.39.03:133][357]PIE:Warning: Warning Invalid Simulate Options: Body (BP_Ball_108.Ball StaticMesh_PongBall) is set to simulate physics but Collision Enabled is incompatible
[2017.03.18-14.39.03:133][357]PIE:Warning: Warning Invalid Simulate Options: Body (BP_Ball_108.Ball StaticMesh_PongBall) is set to simulate physics but Collision Enabled is incompatible
[2017.03.18-14.39.03:140][357]PIE:Warning: Warning Invalid Simulate Options: Body (BP_Ball_C_184.Ball StaticMesh_PongBall) is set to simulate physics but Collision Enabled is incompatible
[2017.03.18-14.39.03:140][357]PIE:Warning: Warning Invalid Simulate Options: Body (BP_Ball_C_184.Ball StaticMesh_PongBall) is set to simulate physics but Collision Enabled is incompatible
[2017.03.18-14.39.03:140][357]PIE:Warning: Warning Invalid Simulate Options: Body (BP_Ball_C_184.Ball StaticMesh_PongBall) is set to simulate physics but Collision Enabled is incompatible
[2017.03.18-14.39.03:140][357]PIE:Warning: Warning Invalid Simulate Options: Body (BP_Ball_C_184.Ball StaticMesh_PongBall) is set to simulate physics but Collision Enabled is incompatible
[2017.03.18-14.39.03:212][357]PIE:Warning: Warning Invalid Simulate Options: Body (BP_Ball_108.Ball StaticMesh_PongBall) is set to simulate physics but Collision Enabled is incompatible
[2017.03.18-14.39.03:212][357]PIE:Warning: Warning Invalid Simulate Options: Body (BP_Ball_108.Ball StaticMesh_PongBall) is set to simulate physics but Collision Enabled is incompatible
[2017.03.18-14.39.03:212][357]PIE:Warning: Warning Invalid Simulate Options: Body (BP_Ball_108.Ball StaticMesh_PongBall) is set to simulate physics but Collision Enabled is incompatible
[2017.03.18-14.39.03:212][357]PIE:Warning: Warning Invalid Simulate Options: Body (BP_Ball_108.Ball StaticMesh_PongBall) is set to simulate physics but Collision Enabled is incompatible
[2017.03.18-14.39.03:213][357]PIE:Warning: Warning Invalid Simulate Options: Body (BP_Ball_C_184.Ball StaticMesh_PongBall) is set to simulate physics but Collision Enabled is incompatible
[2017.03.18-14.39.03:213][357]PIE:Warning: Warning Invalid Simulate Options: Body (BP_Ball_C_184.Ball StaticMesh_PongBall) is set to simulate physics but Collision Enabled is incompatible
[2017.03.18-14.39.03:213][357]PIE:Warning: Warning Invalid Simulate Options: Body (BP_Ball_C_184.Ball StaticMesh_PongBall) is set to simulate physics but Collision Enabled is incompatible
[2017.03.18-14.39.03:213][357]PIE:Warning: Warning Invalid Simulate Options: Body (BP_Ball_C_184.Ball StaticMesh_PongBall) is set to simulate physics but Collision Enabled is incompatible
[2017.03.18-14.39.03:215][357]BlueprintEditorCompileResults: Info [0307.60] Compile of BP_Ball successful! [in 106 ms] (/Game/Blueprints/BP_Ball.BP_Ball)
[2017.03.18-14.39.04:436][429]LogBlueprintUserMessages: Early PlayInEditor Detection: Level '/Game/Lavels/Pong_Main.Pong_Main:PersistentLevel' has LevelScriptBlueprint '/Game/Lavels/Pong_Main.Pong_Main:PersistentLevel.Pong_Main' with GeneratedClass '/Game/Lavels/Pong_Main.Pong_Main_C' with ClassGeneratedBy '/Game/Lavels/Pong_Main.Pong_Main:PersistentLevel.Pong_Main'
[2017.03.18-14.39.04:436][429]LogPlayLevel: PlayLevel: No blueprints needed recompiling
[2017.03.18-14.39.04:436][429]PIE: New page: PIE session: Pong_Main (18 Mar 2017 14:39:04)
[2017.03.18-14.39.04:436][429]LogPlayLevel: Creating play world package: /Game/Lavels/UEDPIE_0_Pong_Main
[2017.03.18-14.39.04:439][429]LogPlayLevel: PIE: StaticDuplicateObject took: (0.003303s)
[2017.03.18-14.39.04:440][429]LogAIModule: Creating AISystem for world Pong_Main
[2017.03.18-14.39.04:440][429]LogPlayLevel: PIE: World Init took: (0.000864s)
[2017.03.18-14.39.04:441][429]LogPlayLevel: PIE: Created PIE world by copying editor world from /Game/Lavels/Pong_Main.Pong_Main to /Game/Lavels/UEDPIE_0_Pong_Main.Pong_Main (0.004467s)
[2017.03.18-14.39.04:460][429]LogInit: XAudio2 using 'Speakers (Realtek High Definition Audio)' : 2 channels at 48 kHz using 32 bits per sample (channel mask 0x3)
[2017.03.18-14.39.04:487][429]LogInit: FAudioDevice initialized.
[2017.03.18-14.39.04:536][429]LogWorld: Game class is 'PangGamemode_C'
[2017.03.18-14.39.04:539][429]PIE:Warning: Warning Invalid Simulate Options: Body (BP_Ball_108.Ball StaticMesh_PongBall) is set to simulate physics but Collision Enabled is incompatible
[2017.03.18-14.39.04:539][429]PIE:Warning: Warning Invalid Simulate Options: Body (BP_Ball_108.Ball StaticMesh_PongBall) is set to simulate physics but Collision Enabled is incompatible
[2017.03.18-14.39.04:540][429]LogWorld: Bringing World /Game/Lavels/UEDPIE_0_Pong_Main.Pong_Main up for play (max tick rate 60) at 2017.03.18-14.39.04
[2017.03.18-14.39.04:540][429]LogWorld: Bringing up level for play took: 0.001969
[2017.03.18-14.39.04:541][429]PIE: Info Play in editor start time for /Game/Lavels/UEDPIE_0_Pong_Main -0.466
[2017.03.18-14.39.04:541][429]LogBlueprintUserMessages: Late PlayInEditor Detection: Level '/Game/Lavels/Pong_Main.Pong_Main:PersistentLevel' has LevelScriptBlueprint '/Game/Lavels/Pong_Main.Pong_Main:PersistentLevel.Pong_Main' with GeneratedClass '/Game/Lavels/Pong_Main.Pong_Main_C' with ClassGeneratedBy '/Game/Lavels/Pong_Main.Pong_Main:PersistentLevel.Pong_Main'
[2017.03.18-14.39.17:169][182]LogBlueprintUserMessages: Early EndPlayMap Detection: Level '/Game/Lavels/Pong_Main.Pong_Main:PersistentLevel' has LevelScriptBlueprint '/Game/Lavels/Pong_Main.Pong_Main:PersistentLevel.Pong_Main' with GeneratedClass '/Game/Lavels/Pong_Main.Pong_Main_C' with ClassGeneratedBy '/Game/Lavels/Pong_Main.Pong_Main:PersistentLevel.Pong_Main'
[2017.03.18-14.39.17:213][182]LogBlueprintUserMessages: Late EndPlayMap Detection: Level '/Game/Lavels/Pong_Main.Pong_Main:PersistentLevel' has LevelScriptBlueprint '/Game/Lavels/Pong_Main.Pong_Main:PersistentLevel.Pong_Main' with GeneratedClass '/Game/Lavels/Pong_Main.Pong_Main_C' with ClassGeneratedBy '/Game/Lavels/Pong_Main.Pong_Main:PersistentLevel.Pong_Main'
[2017.03.18-14.39.37:750][396]BlueprintLog: New page: Compile BP_Ball
[2017.03.18-14.39.37:776][396]PIE:Warning: Warning Invalid Simulate Options: Body (BP_Ball_108.Ball StaticMesh_PongBall) is set to simulate physics but Collision Enabled is incompatible
[2017.03.18-14.39.37:776][396]PIE:Warning: Warning Invalid Simulate Options: Body (BP_Ball_108.Ball StaticMesh_PongBall) is set to simulate physics but Collision Enabled is incompatible
[2017.03.18-14.39.37:776][396]PIE:Warning: Warning Invalid Simulate Options: Body (BP_Ball_108.Ball StaticMesh_PongBall) is set to simulate physics but Collision Enabled is incompatible
[2017.03.18-14.39.37:776][396]PIE:Warning: Warning Invalid Simulate Options: Body (BP_Ball_108.Ball StaticMesh_PongBall) is set to simulate physics but Collision Enabled is incompatible
[2017.03.18-14.39.37:781][396]PIE:Warning: Warning Invalid Simulate Options: Body (BP_Ball_C_184.Ball StaticMesh_PongBall) is set to simulate physics but Collision Enabled is incompatible
[2017.03.18-14.39.37:782][396]PIE:Warning: Warning Invalid Simulate Options: Body (BP_Ball_C_184.Ball StaticMesh_PongBall) is set to simulate physics but Collision Enabled is incompatible
[2017.03.18-14.39.37:782][396]PIE:Warning: Warning Invalid Simulate Options: Body (BP_Ball_C_184.Ball StaticMesh_PongBall) is set to simulate physics but Collision Enabled is incompatible
[2017.03.18-14.39.37:782][396]PIE:Warning: Warning Invalid Simulate Options: Body (BP_Ball_C_184.Ball StaticMesh_PongBall) is set to simulate physics but Collision Enabled is incompatible
[2017.03.18-14.39.37:853][396]PIE:Warning: Warning Invalid Simulate Options: Body (BP_Ball_108.Ball StaticMesh_PongBall) is set to simulate physics but Collision Enabled is incompatible
[2017.03.18-14.39.37:854][396]PIE:Warning: Warning Invalid Simulate Options: Body (BP_Ball_108.Ball StaticMesh_PongBall) is set to simulate physics but Collision Enabled is incompatible
[2017.03.18-14.39.37:854][396]PIE:Warning: Warning Invalid Simulate Options: Body (BP_Ball_108.Ball StaticMesh_PongBall) is set to simulate physics but Collision Enabled is incompatible
[2017.03.18-14.39.37:854][396]PIE:Warning: Warning Invalid Simulate Options: Body (BP_Ball_108.Ball StaticMesh_PongBall) is set to simulate physics but Collision Enabled is incompatible
[2017.03.18-14.39.37:854][396]PIE:Warning: Warning Invalid Simulate Options: Body (BP_Ball_C_184.Ball StaticMesh_PongBall) is set to simulate physics but Collision Enabled is incompatible
[2017.03.18-14.39.37:854][396]PIE:Warning: Warning Invalid Simulate Options: Body (BP_Ball_C_184.Ball StaticMesh_PongBall) is set to simulate physics but Collision Enabled is incompatible
[2017.03.18-14.39.37:855][396]PIE:Warning: Warning Invalid Simulate Options: Body (BP_Ball_C_184.Ball StaticMesh_PongBall) is set to simulate physics but Collision Enabled is incompatible
[2017.03.18-14.39.37:855][396]PIE:Warning: Warning Invalid Simulate Options: Body (BP_Ball_C_184.Ball StaticMesh_PongBall) is set to simulate physics but Collision Enabled is incompatible
[2017.03.18-14.39.37:857][396]BlueprintEditorCompileResults: Info [0342.24] Compile of BP_Ball successful! [in 106 ms] (/Game/Blueprints/BP_Ball.BP_Ball)
[2017.03.18-14.39.38:992][461]LogBlueprintUserMessages: Early PlayInEditor Detection: Level '/Game/Lavels/Pong_Main.Pong_Main:PersistentLevel' has LevelScriptBlueprint '/Game/Lavels/Pong_Main.Pong_Main:PersistentLevel.Pong_Main' with GeneratedClass '/Game/Lavels/Pong_Main.Pong_Main_C' with ClassGeneratedBy '/Game/Lavels/Pong_Main.Pong_Main:PersistentLevel.Pong_Main'
[2017.03.18-14.39.38:993][461]LogPlayLevel: PlayLevel: No blueprints needed recompiling
[2017.03.18-14.39.38:993][461]PIE: New page: PIE session: Pong_Main (18 Mar 2017 14:39:38)
[2017.03.18-14.39.38:993][461]LogPlayLevel: Creating play world package: /Game/Lavels/UEDPIE_0_Pong_Main
[2017.03.18-14.39.38:996][461]LogPlayLevel: PIE: StaticDuplicateObject took: (0.002779s)
[2017.03.18-14.39.38:996][461]LogAIModule: Creating AISystem for world Pong_Main
[2017.03.18-14.39.38:996][461]LogPlayLevel: PIE: World Init took: (0.000528s)
[2017.03.18-14.39.38:996][461]LogPlayLevel: PIE: Created PIE world by copying editor world from /Game/Lavels/Pong_Main.Pong_Main to /Game/Lavels/UEDPIE_0_Pong_Main.Pong_Main (0.003521s)
[2017.03.18-14.39.39:016][461]LogInit: XAudio2 using 'Speakers (Realtek High Definition Audio)' : 2 channels at 48 kHz using 32 bits per sample (channel mask 0x3)
[2017.03.18-14.39.39:045][461]LogInit: FAudioDevice initialized.
[2017.03.18-14.39.39:098][461]LogWorld: Game class is 'PangGamemode_C'
[2017.03.18-14.39.39:100][461]PIE:Warning: Warning Invalid Simulate Options: Body (BP_Ball_108.Ball StaticMesh_PongBall) is set to simulate physics but Collision Enabled is incompatible
[2017.03.18-14.39.39:100][461]PIE:Warning: Warning Invalid Simulate Options: Body (BP_Ball_108.Ball StaticMesh_PongBall) is set to simulate physics but Collision Enabled is incompatible
[2017.03.18-14.39.39:101][461]LogWorld: Bringing World /Game/Lavels/UEDPIE_0_Pong_Main.Pong_Main up for play (max tick rate 60) at 2017.03.18-14.39.39
[2017.03.18-14.39.39:101][461]LogWorld: Bringing up level for play took: 0.001685
[2017.03.18-14.39.39:102][461]PIE: Info Play in editor start time for /Game/Lavels/UEDPIE_0_Pong_Main 0.095
[2017.03.18-14.39.39:102][461]LogBlueprintUserMessages: Late PlayInEditor Detection: Level '/Game/Lavels/Pong_Main.Pong_Main:PersistentLevel' has LevelScriptBlueprint '/Game/Lavels/Pong_Main.Pong_Main:PersistentLevel.Pong_Main' with GeneratedClass '/Game/Lavels/Pong_Main.Pong_Main_C' with ClassGeneratedBy '/Game/Lavels/Pong_Main.Pong_Main:PersistentLevel.Pong_Main'
[2017.03.18-14.39.47:545][965]LogBlueprintUserMessages: Early EndPlayMap Detection: Level '/Game/Lavels/Pong_Main.Pong_Main:PersistentLevel' has LevelScriptBlueprint '/Game/Lavels/Pong_Main.Pong_Main:PersistentLevel.Pong_Main' with GeneratedClass '/Game/Lavels/Pong_Main.Pong_Main_C' with ClassGeneratedBy '/Game/Lavels/Pong_Main.Pong_Main:PersistentLevel.Pong_Main'
[2017.03.18-14.39.47:593][965]LogBlueprintUserMessages: Late EndPlayMap Detection: Level '/Game/Lavels/Pong_Main.Pong_Main:PersistentLevel' has LevelScriptBlueprint '/Game/Lavels/Pong_Main.Pong_Main:PersistentLevel.Pong_Main' with GeneratedClass '/Game/Lavels/Pong_Main.Pong_Main_C' with ClassGeneratedBy '/Game/Lavels/Pong_Main.Pong_Main:PersistentLevel.Pong_Main'
[2017.03.18-14.40.08:877][213]BlueprintLog: New page: Compile BP_Ball
[2017.03.18-14.40.08:902][213]PIE:Warning: Warning Invalid Simulate Options: Body (BP_Ball_108.Ball StaticMesh_PongBall) is set to simulate physics but Collision Enabled is incompatible
[2017.03.18-14.40.08:902][213]PIE:Warning: Warning Invalid Simulate Options: Body (BP_Ball_108.Ball StaticMesh_PongBall) is set to simulate physics but Collision Enabled is incompatible
[2017.03.18-14.40.08:902][213]PIE:Warning: Warning Invalid Simulate Options: Body (BP_Ball_108.Ball StaticMesh_PongBall) is set to simulate physics but Collision Enabled is incompatible
[2017.03.18-14.40.08:902][213]PIE:Warning: Warning Invalid Simulate Options: Body (BP_Ball_108.Ball StaticMesh_PongBall) is set to simulate physics but Collision Enabled is incompatible
[2017.03.18-14.40.08:907][213]PIE:Warning: Warning Invalid Simulate Options: Body (BP_Ball_C_184.Ball StaticMesh_PongBall) is set to simulate physics but Collision Enabled is incompatible
[2017.03.18-14.40.08:907][213]PIE:Warning: Warning Invalid Simulate Options: Body (BP_Ball_C_184.Ball StaticMesh_PongBall) is set to simulate physics but Collision Enabled is incompatible
[2017.03.18-14.40.08:907][213]PIE:Warning: Warning Invalid Simulate Options: Body (BP_Ball_C_184.Ball StaticMesh_PongBall) is set to simulate physics but Collision Enabled is incompatible
[2017.03.18-14.40.08:908][213]PIE:Warning: Warning Invalid Simulate Options: Body (BP_Ball_C_184.Ball StaticMesh_PongBall) is set to simulate physics but Collision Enabled is incompatible
[2017.03.18-14.40.08:979][213]PIE:Warning: Warning Invalid Simulate Options: Body (BP_Ball_108.Ball StaticMesh_PongBall) is set to simulate physics but Collision Enabled is incompatible
[2017.03.18-14.40.08:979][213]PIE:Warning: Warning Invalid Simulate Options: Body (BP_Ball_108.Ball StaticMesh_PongBall) is set to simulate physics but Collision Enabled is incompatible
[2017.03.18-14.40.08:980][213]PIE:Warning: Warning Invalid Simulate Options: Body (BP_Ball_108.Ball StaticMesh_PongBall) is set to simulate physics but Collision Enabled is incompatible
[2017.03.18-14.40.08:980][213]PIE:Warning: Warning Invalid Simulate Options: Body (BP_Ball_108.Ball StaticMesh_PongBall) is set to simulate physics but Collision Enabled is incompatible
[2017.03.18-14.40.08:980][213]PIE:Warning: Warning Invalid Simulate Options: Body (BP_Ball_C_184.Ball StaticMesh_PongBall) is set to simulate physics but Collision Enabled is incompatible
[2017.03.18-14.40.08:980][213]PIE:Warning: Warning Invalid Simulate Options: Body (BP_Ball_C_184.Ball StaticMesh_PongBall) is set to simulate physics but Collision Enabled is incompatible
[2017.03.18-14.40.08:980][213]PIE:Warning: Warning Invalid Simulate Options: Body (BP_Ball_C_184.Ball StaticMesh_PongBall) is set to simulate physics but Collision Enabled is incompatible
[2017.03.18-14.40.08:980][213]PIE:Warning: Warning Invalid Simulate Options: Body (BP_Ball_C_184.Ball StaticMesh_PongBall) is set to simulate physics but Collision Enabled is incompatible
[2017.03.18-14.40.08:982][213]BlueprintEditorCompileResults: Info [0373.36] Compile of BP_Ball successful! [in 104 ms] (/Game/Blueprints/BP_Ball.BP_Ball)
[2017.03.18-14.40.10:919][324]LogBlueprintUserMessages: Early PlayInEditor Detection: Level '/Game/Lavels/Pong_Main.Pong_Main:PersistentLevel' has LevelScriptBlueprint '/Game/Lavels/Pong_Main.Pong_Main:PersistentLevel.Pong_Main' with GeneratedClass '/Game/Lavels/Pong_Main.Pong_Main_C' with ClassGeneratedBy '/Game/Lavels/Pong_Main.Pong_Main:PersistentLevel.Pong_Main'
[2017.03.18-14.40.10:919][324]LogPlayLevel: PlayLevel: No blueprints needed recompiling
[2017.03.18-14.40.10:919][324]PIE: New page: PIE session: Pong_Main (18 Mar 2017 14:40:10)
[2017.03.18-14.40.10:919][324]LogPlayLevel: Creating play world package: /Game/Lavels/UEDPIE_0_Pong_Main
[2017.03.18-14.40.10:922][324]LogPlayLevel: PIE: StaticDuplicateObject took: (0.003151s)
[2017.03.18-14.40.10:923][324]LogAIModule: Creating AISystem for world Pong_Main
[2017.03.18-14.40.10:923][324]LogPlayLevel: PIE: World Init took: (0.000491s)
[2017.03.18-14.40.10:923][324]LogPlayLevel: PIE: Created PIE world by copying editor world from /Game/Lavels/Pong_Main.Pong_Main to /Game/Lavels/UEDPIE_0_Pong_Main.Pong_Main (0.003897s)
[2017.03.18-14.40.10:941][324]LogInit: XAudio2 using 'Speakers (Realtek High Definition Audio)' : 2 channels at 48 kHz using 32 bits per sample (channel mask 0x3)
[2017.03.18-14.40.10:969][324]LogInit: FAudioDevice initialized.
[2017.03.18-14.40.11:021][324]LogWorld: Game class is 'PangGamemode_C'
[2017.03.18-14.40.11:024][324]PIE:Warning: Warning Invalid Simulate Options: Body (BP_Ball_108.Ball StaticMesh_PongBall) is set to simulate physics but Collision Enabled is incompatible
[2017.03.18-14.40.11:024][324]PIE:Warning: Warning Invalid Simulate Options: Body (BP_Ball_108.Ball StaticMesh_PongBall) is set to simulate physics but Collision Enabled is incompatible
[2017.03.18-14.40.11:025][324]LogWorld: Bringing World /Game/Lavels/UEDPIE_0_Pong_Main.Pong_Main up for play (max tick rate 60) at 2017.03.18-14.40.11
[2017.03.18-14.40.11:025][324]LogWorld: Bringing up level for play took: 0.001619
[2017.03.18-14.40.11:026][324]PIE: Info Play in editor start time for /Game/Lavels/UEDPIE_0_Pong_Main 0.019
[2017.03.18-14.40.11:027][324]LogBlueprintUserMessages: Late PlayInEditor Detection: Level '/Game/Lavels/Pong_Main.Pong_Main:PersistentLevel' has LevelScriptBlueprint '/Game/Lavels/Pong_Main.Pong_Main:PersistentLevel.Pong_Main' with GeneratedClass '/Game/Lavels/Pong_Main.Pong_Main_C' with ClassGeneratedBy '/Game/Lavels/Pong_Main.Pong_Main:PersistentLevel.Pong_Main'
[2017.03.18-14.40.21:821][969]LogBlueprintUserMessages: Early EndPlayMap Detection: Level '/Game/Lavels/Pong_Main.Pong_Main:PersistentLevel' has LevelScriptBlueprint '/Game/Lavels/Pong_Main.Pong_Main:PersistentLevel.Pong_Main' with GeneratedClass '/Game/Lavels/Pong_Main.Pong_Main_C' with ClassGeneratedBy '/Game/Lavels/Pong_Main.Pong_Main:PersistentLevel.Pong_Main'
[2017.03.18-14.40.21:866][969]LogBlueprintUserMessages: Late EndPlayMap Detection: Level '/Game/Lavels/Pong_Main.Pong_Main:PersistentLevel' has LevelScriptBlueprint '/Game/Lavels/Pong_Main.Pong_Main:PersistentLevel.Pong_Main' with GeneratedClass '/Game/Lavels/Pong_Main.Pong_Main_C' with ClassGeneratedBy '/Game/Lavels/Pong_Main.Pong_Main:PersistentLevel.Pong_Main'
[2017.03.18-14.40.26:272][228]LogEditorViewport: Clicking on Actor (LMB): CameraActor (CameraActor)
[2017.03.18-14.41.34:505][214]LogBlueprintUserMessages: Early PlayInEditor Detection: Level '/Game/Lavels/Pong_Main.Pong_Main:PersistentLevel' has LevelScriptBlueprint '/Game/Lavels/Pong_Main.Pong_Main:PersistentLevel.Pong_Main' with GeneratedClass '/Game/Lavels/Pong_Main.Pong_Main_C' with ClassGeneratedBy '/Game/Lavels/Pong_Main.Pong_Main:PersistentLevel.Pong_Main'
[2017.03.18-14.41.34:505][214]LogPlayLevel: PlayLevel: No blueprints needed recompiling
[2017.03.18-14.41.34:505][214]PIE: New page: PIE session: Pong_Main (18 Mar 2017 14:41:34)
[2017.03.18-14.41.34:506][214]LogPlayLevel: Creating play world package: /Game/Lavels/UEDPIE_0_Pong_Main
[2017.03.18-14.41.34:509][214]LogPlayLevel: PIE: StaticDuplicateObject took: (0.003648s)
[2017.03.18-14.41.34:510][214]LogAIModule: Creating AISystem for world Pong_Main
[2017.03.18-14.41.34:510][214]LogPlayLevel: PIE: World Init took: (0.000796s)
[2017.03.18-14.41.34:510][214]LogPlayLevel: PIE: Created PIE world by copying editor world from /Game/Lavels/Pong_Main.Pong_Main to /Game/Lavels/UEDPIE_0_Pong_Main.Pong_Main (0.004787s)
[2017.03.18-14.41.34:578][214]LogInit: XAudio2 using 'Speakers (Realtek High Definition Audio)' : 2 channels at 48 kHz using 32 bits per sample (channel mask 0x3)
[2017.03.18-14.41.34:605][214]LogInit: FAudioDevice initialized.
[2017.03.18-14.41.34:655][214]LogWorld: Game class is 'PangGamemode_C'
[2017.03.18-14.41.34:658][214]PIE:Warning: Warning Invalid Simulate Options: Body (BP_Ball_108.Ball StaticMesh_PongBall) is set to simulate physics but Collision Enabled is incompatible
[2017.03.18-14.41.34:658][214]PIE:Warning: Warning Invalid Simulate Options: Body (BP_Ball_108.Ball StaticMesh_PongBall) is set to simulate physics but Collision Enabled is incompatible
[2017.03.18-14.41.34:658][214]LogWorld: Bringing World /Game/Lavels/UEDPIE_0_Pong_Main.Pong_Main up for play (max tick rate 60) at 2017.03.18-14.41.34
[2017.03.18-14.41.34:659][214]LogWorld: Bringing up level for play took: 0.001756
[2017.03.18-14.41.34:660][214]PIE: Info Play in editor start time for /Game/Lavels/UEDPIE_0_Pong_Main -0.348
[2017.03.18-14.41.34:660][214]LogBlueprintUserMessages: Late PlayInEditor Detection: Level '/Game/Lavels/Pong_Main.Pong_Main:PersistentLevel' has LevelScriptBlueprint '/Game/Lavels/Pong_Main.Pong_Main:PersistentLevel.Pong_Main' with GeneratedClass '/Game/Lavels/Pong_Main.Pong_Main_C' with ClassGeneratedBy '/Game/Lavels/Pong_Main.Pong_Main:PersistentLevel.Pong_Main'
[2017.03.18-14.41.56:334][503]LogBlueprintUserMessages: Early EndPlayMap Detection: Level '/Game/Lavels/Pong_Main.Pong_Main:PersistentLevel' has LevelScriptBlueprint '/Game/Lavels/Pong_Main.Pong_Main:PersistentLevel.Pong_Main' with GeneratedClass '/Game/Lavels/Pong_Main.Pong_Main_C' with ClassGeneratedBy '/Game/Lavels/Pong_Main.Pong_Main:PersistentLevel.Pong_Main'
[2017.03.18-14.41.56:386][503]LogBlueprintUserMessages: Late EndPlayMap Detection: Level '/Game/Lavels/Pong_Main.Pong_Main:PersistentLevel' has LevelScriptBlueprint '/Game/Lavels/Pong_Main.Pong_Main:PersistentLevel.Pong_Main' with GeneratedClass '/Game/Lavels/Pong_Main.Pong_Main_C' with ClassGeneratedBy '/Game/Lavels/Pong_Main.Pong_Main:PersistentLevel.Pong_Main'
[2017.03.18-14.43.45:196][430]LogEditorTransaction: Undo Create Pin Link
[2017.03.18-14.43.45:565][451]LogEditorTransaction: Undo Move Nodes
[2017.03.18-14.43.45:572][451]PIE:Warning: Warning Invalid Simulate Options: Body (BP_Ball_108.Ball StaticMesh_PongBall) is set to simulate physics but Collision Enabled is incompatible
[2017.03.18-14.43.45:572][451]PIE:Warning: Warning Invalid Simulate Options: Body (BP_Ball_108.Ball StaticMesh_PongBall) is set to simulate physics but Collision Enabled is incompatible
[2017.03.18-14.43.45:572][451]PIE:Warning: Warning Invalid Simulate Options: Body (BP_Ball_108.Ball StaticMesh_PongBall) is set to simulate physics but Collision Enabled is incompatible
[2017.03.18-14.43.45:572][451]PIE:Warning: Warning Invalid Simulate Options: Body (BP_Ball_108.Ball StaticMesh_PongBall) is set to simulate physics but Collision Enabled is incompatible
[2017.03.18-14.43.45:573][451]PIE:Warning: Warning Invalid Simulate Options: Body (BP_Ball_C_184.Ball StaticMesh_PongBall) is set to simulate physics but Collision Enabled is incompatible
[2017.03.18-14.43.45:573][451]PIE:Warning: Warning Invalid Simulate Options: Body (BP_Ball_C_184.Ball StaticMesh_PongBall) is set to simulate physics but Collision Enabled is incompatible
[2017.03.18-14.43.45:573][451]PIE:Warning: Warning Invalid Simulate Options: Body (BP_Ball_C_184.Ball StaticMesh_PongBall) is set to simulate physics but Collision Enabled is incompatible
[2017.03.18-14.43.45:573][451]PIE:Warning: Warning Invalid Simulate Options: Body (BP_Ball_C_184.Ball StaticMesh_PongBall) is set to simulate physics but Collision Enabled is incompatible
[2017.03.18-14.43.47:038][535]LogEditorTransaction: Undo Delete current selection
[2017.03.18-14.43.47:043][535]PIE:Warning: Warning Invalid Simulate Options: Body (BP_Ball_108.Ball StaticMesh_PongBall) is set to simulate physics but Collision Enabled is incompatible
[2017.03.18-14.43.47:043][535]PIE:Warning: Warning Invalid Simulate Options: Body (BP_Ball_108.Ball StaticMesh_PongBall) is set to simulate physics but Collision Enabled is incompatible
[2017.03.18-14.43.47:044][535]PIE:Warning: Warning Invalid Simulate Options: Body (BP_Ball_108.Ball StaticMesh_PongBall) is set to simulate physics but Collision Enabled is incompatible
[2017.03.18-14.43.47:044][535]PIE:Warning: Warning Invalid Simulate Options: Body (BP_Ball_108.Ball StaticMesh_PongBall) is set to simulate physics but Collision Enabled is incompatible
[2017.03.18-14.43.47:044][535]PIE:Warning: Warning Invalid Simulate Options: Body (BP_Ball_C_184.Ball StaticMesh_PongBall) is set to simulate physics but Collision Enabled is incompatible
[2017.03.18-14.43.47:044][535]PIE:Warning: Warning Invalid Simulate Options: Body (BP_Ball_C_184.Ball StaticMesh_PongBall) is set to simulate physics but Collision Enabled is incompatible
[2017.03.18-14.43.47:044][535]PIE:Warning: Warning Invalid Simulate Options: Body (BP_Ball_C_184.Ball StaticMesh_PongBall) is set to simulate physics but Collision Enabled is incompatible
[2017.03.18-14.43.47:044][535]PIE:Warning: Warning Invalid Simulate Options: Body (BP_Ball_C_184.Ball StaticMesh_PongBall) is set to simulate physics but Collision Enabled is incompatible
[2017.03.18-14.43.47:289][547]LogEditorTransaction: Undo Delete current selection
[2017.03.18-14.43.47:295][547]PIE:Warning: Warning Invalid Simulate Options: Body (BP_Ball_108.Ball StaticMesh_PongBall) is set to simulate physics but Collision Enabled is incompatible
[2017.03.18-14.43.47:295][547]PIE:Warning: Warning Invalid Simulate Options: Body (BP_Ball_108.Ball StaticMesh_PongBall) is set to simulate physics but Collision Enabled is incompatible
[2017.03.18-14.43.47:295][547]PIE:Warning: Warning Invalid Simulate Options: Body (BP_Ball_108.Ball StaticMesh_PongBall) is set to simulate physics but Collision Enabled is incompatible
[2017.03.18-14.43.47:295][547]PIE:Warning: Warning Invalid Simulate Options: Body (BP_Ball_108.Ball StaticMesh_PongBall) is set to simulate physics but Collision Enabled is incompatible
[2017.03.18-14.43.47:296][547]PIE:Warning: Warning Invalid Simulate Options: Body (BP_Ball_C_184.Ball StaticMesh_PongBall) is set to simulate physics but Collision Enabled is incompatible
[2017.03.18-14.43.47:296][547]PIE:Warning: Warning Invalid Simulate Options: Body (BP_Ball_C_184.Ball StaticMesh_PongBall) is set to simulate physics but Collision Enabled is incompatible
[2017.03.18-14.43.47:296][547]PIE:Warning: Warning Invalid Simulate Options: Body (BP_Ball_C_184.Ball StaticMesh_PongBall) is set to simulate physics but Collision Enabled is incompatible
[2017.03.18-14.43.47:296][547]PIE:Warning: Warning Invalid Simulate Options: Body (BP_Ball_C_184.Ball StaticMesh_PongBall) is set to simulate physics but Collision Enabled is incompatible
[2017.03.18-14.43.47:529][558]LogEditorTransaction: Undo Move Node
[2017.03.18-14.43.47:538][558]PIE:Warning: Warning Invalid Simulate Options: Body (BP_Ball_108.Ball StaticMesh_PongBall) is set to simulate physics but Collision Enabled is incompatible
[2017.03.18-14.43.47:538][558]PIE:Warning: Warning Invalid Simulate Options: Body (BP_Ball_108.Ball StaticMesh_PongBall) is set to simulate physics but Collision Enabled is incompatible
[2017.03.18-14.43.47:538][558]PIE:Warning: Warning Invalid Simulate Options: Body (BP_Ball_108.Ball StaticMesh_PongBall) is set to simulate physics but Collision Enabled is incompatible
[2017.03.18-14.43.47:539][558]PIE:Warning: Warning Invalid Simulate Options: Body (BP_Ball_108.Ball StaticMesh_PongBall) is set to simulate physics but Collision Enabled is incompatible
[2017.03.18-14.43.47:539][558]PIE:Warning: Warning Invalid Simulate Options: Body (BP_Ball_C_184.Ball StaticMesh_PongBall) is set to simulate physics but Collision Enabled is incompatible
[2017.03.18-14.43.47:539][558]PIE:Warning: Warning Invalid Simulate Options: Body (BP_Ball_C_184.Ball StaticMesh_PongBall) is set to simulate physics but Collision Enabled is incompatible
[2017.03.18-14.43.47:539][558]PIE:Warning: Warning Invalid Simulate Options: Body (BP_Ball_C_184.Ball StaticMesh_PongBall) is set to simulate physics but Collision Enabled is incompatible
[2017.03.18-14.43.47:539][558]PIE:Warning: Warning Invalid Simulate Options: Body (BP_Ball_C_184.Ball StaticMesh_PongBall) is set to simulate physics but Collision Enabled is incompatible
[2017.03.18-14.44.08:384][788]BlueprintLog: New page: Compile BP_Ball
[2017.03.18-14.44.08:409][788]PIE:Warning: Warning Invalid Simulate Options: Body (BP_Ball_108.Ball StaticMesh_PongBall) is set to simulate physics but Collision Enabled is incompatible
[2017.03.18-14.44.08:409][788]PIE:Warning: Warning Invalid Simulate Options: Body (BP_Ball_108.Ball StaticMesh_PongBall) is set to simulate physics but Collision Enabled is incompatible
[2017.03.18-14.44.08:409][788]PIE:Warning: Warning Invalid Simulate Options: Body (BP_Ball_108.Ball StaticMesh_PongBall) is set to simulate physics but Collision Enabled is incompatible
[2017.03.18-14.44.08:409][788]PIE:Warning: Warning Invalid Simulate Options: Body (BP_Ball_108.Ball StaticMesh_PongBall) is set to simulate physics but Collision Enabled is incompatible
[2017.03.18-14.44.08:409][788]PIE:Warning: Warning Invalid Simulate Options: Body (BP_Ball_C_184.Ball StaticMesh_PongBall) is set to simulate physics but Collision Enabled is incompatible
[2017.03.18-14.44.08:409][788]PIE:Warning: Warning Invalid Simulate Options: Body (BP_Ball_C_184.Ball StaticMesh_PongBall) is set to simulate physics but Collision Enabled is incompatible
[2017.03.18-14.44.08:410][788]PIE:Warning: Warning Invalid Simulate Options: Body (BP_Ball_C_184.Ball StaticMesh_PongBall) is set to simulate physics but Collision Enabled is incompatible
[2017.03.18-14.44.08:410][788]PIE:Warning: Warning Invalid Simulate Options: Body (BP_Ball_C_184.Ball StaticMesh_PongBall) is set to simulate physics but Collision Enabled is incompatible
[2017.03.18-14.44.08:484][788]PIE:Warning: Warning Invalid Simulate Options: Body (BP_Ball_108.Ball StaticMesh_PongBall) is set to simulate physics but Collision Enabled is incompatible
[2017.03.18-14.44.08:484][788]PIE:Warning: Warning Invalid Simulate Options: Body (BP_Ball_108.Ball StaticMesh_PongBall) is set to simulate physics but Collision Enabled is incompatible
[2017.03.18-14.44.08:485][788]PIE:Warning: Warning Invalid Simulate Options: Body (BP_Ball_108.Ball StaticMesh_PongBall) is set to simulate physics but Collision Enabled is incompatible
[2017.03.18-14.44.08:485][788]PIE:Warning: Warning Invalid Simulate Options: Body (BP_Ball_108.Ball StaticMesh_PongBall) is set to simulate physics but Collision Enabled is incompatible
[2017.03.18-14.44.08:485][788]PIE:Warning: Warning Invalid Simulate Options: Body (BP_Ball_C_184.Ball StaticMesh_PongBall) is set to simulate physics but Collision Enabled is incompatible
[2017.03.18-14.44.08:485][788]PIE:Warning: Warning Invalid Simulate Options: Body (BP_Ball_C_184.Ball StaticMesh_PongBall) is set to simulate physics but Collision Enabled is incompatible
[2017.03.18-14.44.08:485][788]PIE:Warning: Warning Invalid Simulate Options: Body (BP_Ball_C_184.Ball StaticMesh_PongBall) is set to simulate physics but Collision Enabled is incompatible
[2017.03.18-14.44.08:485][788]PIE:Warning: Warning Invalid Simulate Options: Body (BP_Ball_C_184.Ball StaticMesh_PongBall) is set to simulate physics but Collision Enabled is incompatible
[2017.03.18-14.44.08:487][788]BlueprintEditorCompileResults: Info [0612.87] Compile of BP_Ball successful! [in 103 ms] (/Game/Blueprints/BP_Ball.BP_Ball)
[2017.03.18-14.44.10:228][884]Cmd: OBJ SAVEPACKAGE PACKAGE="/Game/Blueprints/BP_Ball" FILE="../../../../../Users/Callum/Desktop/Computing/COMP 140/Pong/Content/Blueprints/BP_Ball.uasset" SILENT=true
[2017.03.18-14.44.10:415][884]LogSavePackage: Save=87.37ms
[2017.03.18-14.44.10:416][884]LogSavePackage: Moving '../../../../../Users/Callum/Desktop/Computing/COMP 140/Pong/Saved/BP_Ball3BD95AC24AB4381C275160BB67F34A99.tmp' to '../../../../../Users/Callum/Desktop/Computing/COMP 140/Pong/Content/Blueprints/BP_Ball.uasset'
[2017.03.18-14.44.10:428][884]LogSavePackage:Display: Finished SavePackage ../../../../../Users/Callum/Desktop/Computing/COMP 140/Pong/Content/Blueprints/BP_Ball.uasset
[2017.03.18-14.45.13:311][832]Cmd: OBJ SAVEPACKAGE PACKAGE="/Game/Lavels/Pong_Main" FILE="../../../../../Users/Callum/Desktop/Computing/COMP 140/Pong/Content/Lavels/Pong_Main.umap" SILENT=true AUTOSAVING=false KEEPDIRTY=false
[2017.03.18-14.45.13:444][832]LogSavePackage: Save=83.45ms
[2017.03.18-14.45.13:444][832]LogSavePackage: Moving '../../../../../Users/Callum/Desktop/Computing/COMP 140/Pong/Saved/Pong_Main473F013B403E20D6528C0EABF1F07C7F.tmp' to '../../../../../Users/Callum/Desktop/Computing/COMP 140/Pong/Content/Lavels/Pong_Main.umap'
[2017.03.18-14.45.13:447][832]LogSavePackage:Display: Finished SavePackage ../../../../../Users/Callum/Desktop/Computing/COMP 140/Pong/Content/Lavels/Pong_Main.umap
[2017.03.18-14.45.14:366][877]LogWindowsTextInputMethodSystem:Display: IME system now deactivated.
[2017.03.18-14.45.14:662][878]Cmd: QUIT_EDITOR
[2017.03.18-14.45.14:984][878]LogExit: Preparing to exit.
[2017.03.18-14.45.15:973][878]LogExit: Editor shut down
[2017.03.18-14.45.15:973][878]LogExit: Transaction tracking system shut down
[2017.03.18-14.45.16:359][878]LogObj: Freed 0b from 0 cluster array pools.
[2017.03.18-14.45.16:359][878]LogExit: Object subsystem successfully closed.
[2017.03.18-14.45.16:415][878]LogD3D11RHI: Shutdown
[2017.03.18-14.45.16:415][878]LogD3D11RHI: CleanupD3DDevice
[2017.03.18-14.45.16:521][878]LogD3D11RHI: ~FD3D11DynamicRHI
[2017.03.18-14.45.16:724][878]LogModuleManager: Shutting down and abandoning module MovieSceneCapture (215)
[2017.03.18-14.45.16:724][878]LogModuleManager: Shutting down and abandoning module BlueprintGraph (214)
[2017.03.18-14.45.16:724][878]LogModuleManager: Shutting down and abandoning module HierarchicalLODOutliner (213)
[2017.03.18-14.45.16:725][878]LogModuleManager: Shutting down and abandoning module CrashTracker (212)
[2017.03.18-14.45.16:725][878]LogModuleManager: Shutting down and abandoning module SceneOutliner (211)
[2017.03.18-14.45.16:725][878]LogModuleManager: Shutting down and abandoning module WidgetCarousel (210)
[2017.03.18-14.45.16:725][878]LogModuleManager: Shutting down and abandoning module AddContentDialog (209)
[2017.03.18-14.45.16:726][878]LogModuleManager: Shutting down and abandoning module GameplayTags (208)
[2017.03.18-14.45.16:726][878]LogModuleManager: Shutting down and abandoning module EditorWidgets (207)
[2017.03.18-14.45.16:726][878]LogModuleManager: Shutting down and abandoning module CollectionManager (206)
[2017.03.18-14.45.16:726][878]LogModuleManager: Shutting down and abandoning module StatsViewer (205)
[2017.03.18-14.45.16:737][878]LogModuleManager: Shutting down and abandoning module FoliageEdit (204)
[2017.03.18-14.45.16:737][878]LogModuleManager: Shutting down and abandoning module LandscapeEditor (203)
[2017.03.18-14.45.16:746][878]LogModuleManager: Shutting down and abandoning module SceneDepthPickerMode (202)
[2017.03.18-14.45.16:746][878]LogModuleManager: Shutting down and abandoning module ActorPickerMode (201)
[2017.03.18-14.45.16:746][878]LogModuleManager: Shutting down and abandoning module GeometryMode (200)
[2017.03.18-14.45.16:746][878]LogModuleManager: Shutting down and abandoning module TextureAlignMode (199)
[2017.03.18-14.45.16:746][878]LogModuleManager: Shutting down and abandoning module BspMode (198)
[2017.03.18-14.45.16:746][878]LogModuleManager: Shutting down and abandoning module HardwareSurvey (197)
[2017.03.18-14.45.16:746][878]LogModuleManager: Shutting down and abandoning module SequenceRecorderSections (196)
[2017.03.18-14.45.16:746][878]LogModuleManager: Shutting down and abandoning module SequenceRecorder (195)
[2017.03.18-14.45.16:757][878]LogModuleManager: Shutting down and abandoning module AutomationWorker (194)
[2017.03.18-14.45.16:757][878]LogModuleManager: Shutting down and abandoning module MatineeToLevelSequence (193)
[2017.03.18-14.45.16:757][878]LogModuleManager: Shutting down and abandoning module PlacementMode (192)
[2017.03.18-14.45.16:768][878]LogModuleManager: Shutting down and abandoning module LevelSequenceEditor (191)
[2017.03.18-14.45.16:768][878]LogModuleManager: Shutting down and abandoning module CharacterAI (190)
[2017.03.18-14.45.16:768][878]LogModuleManager: Shutting down and abandoning module SmartSnapping (189)
[2017.03.18-14.45.16:768][878]LogModuleManager: Shutting down and abandoning module SessionServices (188)
[2017.03.18-14.45.16:768][878]LogModuleManager: Shutting down and abandoning module ViewportSnapping (187)
[2017.03.18-14.45.16:768][878]LogModuleManager: Shutting down and abandoning module LogVisualizer (186)
[2017.03.18-14.45.16:769][878]LogModuleManager: Shutting down and abandoning module GameProjectGeneration (185)
[2017.03.18-14.45.16:775][878]LogModuleManager: Shutting down and abandoning module IntroTutorials (184)
[2017.03.18-14.45.16:775][878]LogModuleManager: Shutting down and abandoning module EditorLiveStreaming (183)
[2017.03.18-14.45.16:775][878]LogModuleManager: Shutting down and abandoning module IOSPlatformEditor (182)
[2017.03.18-14.45.16:775][878]LogModuleManager: Shutting down and abandoning module HTML5PlatformEditor (181)
[2017.03.18-14.45.16:775][878]LogModuleManager: Shutting down and abandoning module AndroidDeviceDetection (180)
[2017.03.18-14.45.17:113][878]LogModuleManager: Shutting down and abandoning module AndroidPlatformEditor (179)
[2017.03.18-14.45.17:113][878]LogModuleManager: Shutting down and abandoning module IOSRuntimeSettings (178)
[2017.03.18-14.45.17:113][878]LogModuleManager: Shutting down and abandoning module AndroidRuntimeSettings (177)
[2017.03.18-14.45.17:113][878]LogModuleManager: Shutting down and abandoning module MergeActors (176)
[2017.03.18-14.45.17:193][878]LogModuleManager: Shutting down and abandoning module SizeMap (175)
[2017.03.18-14.45.17:193][878]LogModuleManager: Shutting down and abandoning module TreeMap (174)
[2017.03.18-14.45.17:193][878]LogModuleManager: Shutting down and abandoning module ReferenceViewer (173)
[2017.03.18-14.45.17:193][878]LogModuleManager: Shutting down and abandoning module LocalizationService (172)
[2017.03.18-14.45.17:201][878]LogModuleManager: Shutting down and abandoning module LocalizationDashboard (171)
[2017.03.18-14.45.17:214][878]LogModuleManager: Shutting down and abandoning module HardwareTargeting (170)
[2017.03.18-14.45.17:214][878]LogModuleManager: Shutting down and abandoning module DeviceProfileEditor (169)
[2017.03.18-14.45.17:221][878]LogModuleManager: Shutting down and abandoning module UndoHistory (168)
[2017.03.18-14.45.17:222][878]LogModuleManager: Shutting down and abandoning module UserFeedback (167)
[2017.03.18-14.45.17:222][878]LogModuleManager: Shutting down and abandoning module XmlParser (166)
[2017.03.18-14.45.17:222][878]LogModuleManager: Shutting down and abandoning module Blutility (165)
[2017.03.18-14.45.17:222][878]LogModuleManager: Shutting down and abandoning module ProjectTargetPlatformEditor (164)
[2017.03.18-14.45.17:222][878]LogModuleManager: Shutting down and abandoning module ProjectSettingsViewer (163)
[2017.03.18-14.45.17:222][878]LogModuleManager: Shutting down and abandoning module InputBindingEditor (162)
[2017.03.18-14.45.17:222][878]LogModuleManager: Shutting down and abandoning module EditorSettingsViewer (161)
[2017.03.18-14.45.17:222][878]LogModuleManager: Shutting down and abandoning module SettingsEditor (160)
[2017.03.18-14.45.17:230][878]LogModuleManager: Shutting down and abandoning module ProjectLauncher (159)
[2017.03.18-14.45.17:255][878]LogModuleManager: Shutting down and abandoning module SessionFrontend (158)
[2017.03.18-14.45.17:267][878]LogModuleManager: Shutting down and abandoning module ProfilerClient (157)
[2017.03.18-14.45.17:279][878]LogModuleManager: Shutting down and abandoning module TargetDeviceServices (156)
[2017.03.18-14.45.17:279][878]LogModuleManager: Shutting down and abandoning module DeviceManager (155)
[2017.03.18-14.45.17:347][878]LogModuleManager: Shutting down and abandoning module AutomationController (154)
[2017.03.18-14.45.17:358][878]LogModuleManager: Shutting down and abandoning module AutomationWindow (153)
[2017.03.18-14.45.17:372][878]LogModuleManager: Shutting down and abandoning module Layers (152)
[2017.03.18-14.45.17:379][878]LogModuleManager: Shutting down and abandoning module ComponentVisualizers (151)
[2017.03.18-14.45.17:379][878]LogModuleManager: Shutting down and abandoning module DetailCustomizations (150)
[2017.03.18-14.45.17:379][878]LogModuleManager: Shutting down and abandoning module PackagesDialog (149)
[2017.03.18-14.45.17:379][878]LogModuleManager: Shutting down and abandoning module Persona (148)
[2017.03.18-14.45.17:403][878]LogModuleManager: Shutting down and abandoning module Kismet (147)
[2017.03.18-14.45.17:403][878]LogModuleManager: Shutting down and abandoning module GraphEditor (146)
[2017.03.18-14.45.17:403][878]LogModuleManager: Shutting down and abandoning module ClassViewer (145)
[2017.03.18-14.45.17:418][878]LogModuleManager: Shutting down and abandoning module Toolbox (144)
[2017.03.18-14.45.17:418][878]LogModuleManager: Shutting down and abandoning module ModuleUI (143)
[2017.03.18-14.45.17:430][878]LogModuleManager: Shutting down and abandoning module MovieSceneTools (142)
[2017.03.18-14.45.17:439][878]LogModuleManager: Shutting down and abandoning module OutputLog (141)
[2017.03.18-14.45.17:439][878]LogModuleManager: Shutting down and abandoning module GammaUI (140)
[2017.03.18-14.45.17:451][878]LogModuleManager: Shutting down and abandoning module Documentation (139)
[2017.03.18-14.45.17:451][878]LogModuleManager: Shutting down and abandoning module StreamingPauseRendering (138)
[2017.03.18-14.45.17:451][878]LogModuleManager: Shutting down and abandoning module AnalyticsET (137)
[2017.03.18-14.45.17:451][878]LogModuleManager: Shutting down and abandoning module Analytics (136)
[2017.03.18-14.45.17:451][878]LogModuleManager: Shutting down and abandoning module PortalServices (135)
[2017.03.18-14.45.17:451][878]LogModuleManager: Shutting down and abandoning module PortalRpc (134)
[2017.03.18-14.45.17:451][878]LogModuleManager: Shutting down and abandoning module MessagingRpc (133)
[2017.03.18-14.45.17:451][878]LogModuleManager: Shutting down and abandoning module GameplayDebugger (132)
[2017.03.18-14.45.17:451][878]LogModuleManager: Shutting down and abandoning module AITestSuite (131)
[2017.03.18-14.45.17:451][878]LogModuleManager: Shutting down and abandoning module AIModule (130)
[2017.03.18-14.45.17:451][878]LogModuleManager: Shutting down and abandoning module ProfilerService (129)
[2017.03.18-14.45.17:614][878]LogModuleManager: Shutting down and abandoning module TaskGraph (128)
[2017.03.18-14.45.17:622][878]LogModuleManager: Shutting down and abandoning module SlateRemote (127)
[2017.03.18-14.45.17:622][878]LogModuleManager: Shutting down and abandoning module SteamVRController (126)
[2017.03.18-14.45.17:622][878]LogModuleManager: Shutting down and abandoning module SteamVR (125)
[2017.03.18-14.45.17:622][878]LogModuleManager: Shutting down and abandoning module ProceduralMeshComponent (124)
[2017.03.18-14.45.17:623][878]LogModuleManager: Shutting down and abandoning module OculusLibrary (123)
[2017.03.18-14.45.17:623][878]LogModuleManager: Shutting down and abandoning module OculusInput (122)
[2017.03.18-14.45.17:623][878]LogModuleManager: Shutting down and abandoning module CustomMeshComponent (121)
[2017.03.18-14.45.17:623][878]LogModuleManager: Shutting down and abandoning module CableComponent (120)
[2017.03.18-14.45.17:623][878]LogModuleManager: Shutting down and abandoning module ArchVisCharacter (119)
[2017.03.18-14.45.17:623][878]LogModuleManager: Shutting down and abandoning module MediaPlayerEditor (118)
[2017.03.18-14.45.17:637][878]LogModuleManager: Shutting down and abandoning module HTML5Networking (117)
[2017.03.18-14.45.17:637][878]LogModuleManager: Shutting down and abandoning module SuperSearch (116)
[2017.03.18-14.45.17:637][878]LogModuleManager: Shutting down and abandoning module SuperSearchEditor (115)
[2017.03.18-14.45.17:637][878]LogModuleManager: Shutting down and abandoning module SpeedTreeImporter (114)
[2017.03.18-14.45.17:637][878]LogModuleManager: Shutting down and abandoning module PluginBrowser (113)
[2017.03.18-14.45.17:637][878]LogModuleManager: Shutting down and abandoning module EpicSurvey (112)
[2017.03.18-14.45.17:637][878]LogModuleManager: Shutting down and abandoning module DesktopPlatform (111)
[2017.03.18-14.45.17:644][878]LogModuleManager: Shutting down and abandoning module VisualStudioSourceCodeAccess (110)
[2017.03.18-14.45.17:644][878]LogModuleManager: Shutting down and abandoning module UObjectPlugin (109)
[2017.03.18-14.45.17:644][878]LogModuleManager: Shutting down and abandoning module SubversionSourceControl (108)
[2017.03.18-14.45.17:644][878]LogModuleManager: Shutting down and abandoning module PerforceSourceControl (107)
[2017.03.18-14.45.17:644][878]LogModuleManager: Shutting down and abandoning module SourceControl (106)
[2017.03.18-14.45.17:644][878]LogModuleManager: Shutting down and abandoning module GitSourceControl (105)
[2017.03.18-14.45.17:644][878]LogModuleManager: Shutting down and abandoning module LightPropagationVolumeEditor (104)
[2017.03.18-14.45.17:644][878]LogModuleManager: Shutting down and abandoning module PaperTiledImporter (103)
[2017.03.18-14.45.17:644][878]LogModuleManager: Shutting down and abandoning module PaperSpriteSheetImporter (102)
[2017.03.18-14.45.17:644][878]LogModuleManager: Shutting down and abandoning module MeshPaint (101)
[2017.03.18-14.45.17:644][878]LogModuleManager: Shutting down and abandoning module PixelInspectorModule (100)
[2017.03.18-14.45.17:644][878]LogModuleManager: Shutting down and abandoning module HotReload (99)
[2017.03.18-14.45.17:645][878]LogModuleManager: Shutting down and abandoning module MainFrame (98)
[2017.03.18-14.45.17:645][878]LogModuleManager: Shutting down and abandoning module LevelEditor (97)
[2017.03.18-14.45.17:645][878]LogModuleManager: Shutting down and abandoning module ContentBrowser (96)
[2017.03.18-14.45.17:646][878]LogModuleManager: Shutting down and abandoning module Paper2DEditor (95)
[2017.03.18-14.45.17:649][878]LogModuleManager: Shutting down and abandoning module UdpMessaging (94)
[2017.03.18-14.45.17:750][878]LogModuleManager: Shutting down and abandoning module LightPropagationVolumeRuntime (93)
[2017.03.18-14.45.17:750][878]LogModuleManager: Shutting down and abandoning module Paper2D (92)
[2017.03.18-14.45.17:750][878]LogModuleManager: Shutting down and abandoning module WindowsMoviePlayer (91)
[2017.03.18-14.45.17:750][878]LogModuleManager: Shutting down and abandoning module Media (90)
[2017.03.18-14.45.17:750][878]LogModuleManager: Shutting down and abandoning module WmfMedia (89)
[2017.03.18-14.45.17:750][878]LogModuleManager: Shutting down and abandoning module MediaAssets (88)
[2017.03.18-14.45.17:750][878]LogModuleManager: Shutting down and abandoning module GameLiveStreaming (87)
[2017.03.18-14.45.17:750][878]LogModuleManager: Shutting down and abandoning module GameplayTagsEditor (86)
[2017.03.18-14.45.17:750][878]LogModuleManager: Shutting down and abandoning module OnlineBlueprintSupport (85)
[2017.03.18-14.45.17:750][878]LogModuleManager: Shutting down and abandoning module VREditor (84)
[2017.03.18-14.45.17:755][878]LogModuleManager: Shutting down and abandoning module GameplayTasksEditor (83)
[2017.03.18-14.45.17:755][878]LogModuleManager: Shutting down and abandoning module PropertyEditor (82)
[2017.03.18-14.45.17:755][878]LogModuleManager: Shutting down and abandoning module BehaviorTreeEditor (81)
[2017.03.18-14.45.17:769][878]LogModuleManager: Shutting down and abandoning module FunctionalTesting (80)
[2017.03.18-14.45.17:769][878]LogModuleManager: Shutting down and abandoning module CollisionAnalyzer (79)
[2017.03.18-14.45.17:775][878]LogModuleManager: Shutting down and abandoning module Sequencer (78)
[2017.03.18-14.45.17:790][878]LogModuleManager: Shutting down and abandoning module WorkspaceMenuStructure (77)
[2017.03.18-14.45.17:790][878]LogModuleManager: Shutting down and abandoning module MessageLog (76)
[2017.03.18-14.45.17:790][878]LogModuleManager: Shutting down and abandoning module AssetTools (75)
[2017.03.18-14.45.17:805][878]LogModuleManager: Shutting down and abandoning module UMGEditor (74)
[2017.03.18-14.45.17:818][878]LogModuleManager: Shutting down and abandoning module UMG (73)
[2017.03.18-14.45.17:836][878]LogModuleManager: Shutting down and abandoning module SlateReflector (72)
[2017.03.18-14.45.17:842][878]LogModuleManager: Shutting down and abandoning module Slate (71)
[2017.03.18-14.45.17:842][878]LogModuleManager: Shutting down and abandoning module EditorStyle (70)
[2017.03.18-14.45.17:844][878]LogModuleManager: Shutting down and abandoning module SourceCodeAccess (69)
[2017.03.18-14.45.17:844][878]LogModuleManager: Shutting down and abandoning module HeadMountedDisplay (68)
[2017.03.18-14.45.17:844][878]LogModuleManager: Shutting down and abandoning module XAudio2 (67)
[2017.03.18-14.45.17:844][878]LogModuleManager: Shutting down and abandoning module Networking (65)
[2017.03.18-14.45.17:844][878]LogModuleManager: Shutting down and abandoning module Core (64)
[2017.03.18-14.45.17:844][878]LogModuleManager: Shutting down and abandoning module DirectoryWatcher (63)
[2017.03.18-14.45.17:844][878]LogModuleManager: Shutting down and abandoning module AssetRegistry (62)
[2017.03.18-14.45.17:929][878]LogModuleManager: Shutting down and abandoning module KismetCompiler (61)
[2017.03.18-14.45.17:929][878]LogModuleManager: Shutting down and abandoning module PhysXFormats (60)
[2017.03.18-14.45.17:929][878]LogModuleManager: Shutting down and abandoning module MeshUtilities (59)
[2017.03.18-14.45.17:934][878]LogModuleManager: Shutting down and abandoning module DerivedDataCache (58)
[2017.03.18-14.45.17:969][878]LogDerivedDataCache: Shutdown
[2017.03.18-14.45.17:969][878]LogModuleManager: Shutting down and abandoning module VulkanShaderFormat (57)
[2017.03.18-14.45.17:969][878]LogModuleManager: Shutting down and abandoning module ShaderFormatOpenGL (56)
[2017.03.18-14.45.17:974][878]LogModuleManager: Shutting down and abandoning module ShaderFormatD3D (55)
[2017.03.18-14.45.17:974][878]LogModuleManager: Shutting down and abandoning module MetalShaderFormat (54)
[2017.03.18-14.45.17:979][878]LogModuleManager: Shutting down and abandoning module TextureFormatUncompressed (53)
[2017.03.18-14.45.17:979][878]LogModuleManager: Shutting down and abandoning module TextureFormatPVR (52)
[2017.03.18-14.45.17:979][878]LogModuleManager: Shutting down and abandoning module TextureFormatIntelISPCTexComp (51)
[2017.03.18-14.45.17:979][878]LogModuleManager: Shutting down and abandoning module TextureFormatDXT (50)
[2017.03.18-14.45.17:979][878]LogModuleManager: Shutting down and abandoning module ImageWrapper (49)
[2017.03.18-14.45.17:979][878]LogModuleManager: Shutting down and abandoning module TextureFormatASTC (48)
[2017.03.18-14.45.17:979][878]LogModuleManager: Shutting down and abandoning module TextureFormatAndroid (47)
[2017.03.18-14.45.17:979][878]LogModuleManager: Shutting down and abandoning module AudioFormatOpus (46)
[2017.03.18-14.45.17:979][878]LogModuleManager: Shutting down and abandoning module AudioFormatOgg (45)
[2017.03.18-14.45.17:979][878]LogModuleManager: Shutting down and abandoning module AudioFormatADPCM (44)
[2017.03.18-14.45.17:979][878]LogModuleManager: Shutting down and abandoning module LinuxTargetPlatform (43)
[2017.03.18-14.45.17:979][878]LogModuleManager: Shutting down and abandoning module LinuxServerTargetPlatform (42)
[2017.03.18-14.45.17:979][878]LogModuleManager: Shutting down and abandoning module LinuxNoEditorTargetPlatform (41)
[2017.03.18-14.45.17:979][878]LogModuleManager: Shutting down and abandoning module TVOSTargetPlatform (40)
[2017.03.18-14.45.17:979][878]LogModuleManager: Shutting down and abandoning module Messaging (39)
[2017.03.18-14.45.17:980][878]LogModuleManager: Shutting down and abandoning module IOSTargetPlatform (38)
[2017.03.18-14.45.17:980][878]LogModuleManager: Shutting down and abandoning module HTML5TargetPlatform (37)
[2017.03.18-14.45.17:980][878]LogModuleManager: Shutting down and abandoning module Android_PVRTCTargetPlatform (36)
[2017.03.18-14.45.17:980][878]LogModuleManager: Shutting down and abandoning module Android_MultiTargetPlatform (35)
[2017.03.18-14.45.17:980][878]LogModuleManager: Shutting down and abandoning module Android_ETC2TargetPlatform (34)
[2017.03.18-14.45.17:980][878]LogModuleManager: Shutting down and abandoning module Android_ETC1TargetPlatform (33)
[2017.03.18-14.45.17:980][878]LogModuleManager: Shutting down and abandoning module Android_DXTTargetPlatform (32)
[2017.03.18-14.45.17:980][878]LogModuleManager: Shutting down and abandoning module Android_ATCTargetPlatform (31)
[2017.03.18-14.45.17:980][878]LogModuleManager: Shutting down and abandoning module Android_ASTCTargetPlatform (30)
[2017.03.18-14.45.17:980][878]LogModuleManager: Shutting down and abandoning module AndroidTargetPlatform (29)
[2017.03.18-14.45.17:980][878]LogModuleManager: Shutting down and abandoning module WindowsTargetPlatform (28)
[2017.03.18-14.45.17:980][878]LogModuleManager: Shutting down and abandoning module WindowsServerTargetPlatform (27)
[2017.03.18-14.45.17:980][878]LogModuleManager: Shutting down and abandoning module WindowsNoEditorTargetPlatform (26)
[2017.03.18-14.45.17:980][878]LogModuleManager: Shutting down and abandoning module WindowsClientTargetPlatform (25)
[2017.03.18-14.45.17:980][878]LogModuleManager: Shutting down and abandoning module AllDesktopTargetPlatform (24)
[2017.03.18-14.45.17:980][878]LogModuleManager: Shutting down and abandoning module TargetPlatform (23)
[2017.03.18-14.45.17:980][878]LogModuleManager: Shutting down and abandoning module InputCore (22)
[2017.03.18-14.45.17:980][878]LogModuleManager: Shutting down and abandoning module Settings (21)
[2017.03.18-14.45.17:980][878]LogModuleManager: Shutting down and abandoning module OnlineSubsystem (19)
[2017.03.18-14.45.17:980][878]LogModuleManager: Shutting down and abandoning module HTTP (18)
[2017.03.18-14.45.19:481][878]LogModuleManager: Shutting down and abandoning module XMPP (17)
[2017.03.18-14.45.19:524][878]LogModuleManager: Shutting down and abandoning module OculusRift (16)
[2017.03.18-14.45.19:539][878]LogModuleManager: Shutting down and abandoning module ExampleDeviceProfileSelector (15)
[2017.03.18-14.45.19:539][878]LogModuleManager: Shutting down and abandoning module TextureCompressor (14)
[2017.03.18-14.45.19:540][878]LogModuleManager: Shutting down and abandoning module ShaderCore (13)
[2017.03.18-14.45.19:540][878]LogModuleManager: Shutting down and abandoning module Landscape (12)
[2017.03.18-14.45.19:540][878]LogModuleManager: Shutting down and abandoning module SlateRHIRenderer (11)
[2017.03.18-14.45.19:551][878]LogModuleManager: Shutting down and abandoning module OpenGLDrv (10)
[2017.03.18-14.45.19:556][878]LogModuleManager: Shutting down and abandoning module D3D11RHI (9)
[2017.03.18-14.45.19:556][878]LogModuleManager: Shutting down and abandoning module AnimGraphRuntime (8)
[2017.03.18-14.45.19:557][878]LogModuleManager: Shutting down and abandoning module Renderer (7)
[2017.03.18-14.45.19:557][878]LogModuleManager: Shutting down and abandoning module Engine (6)
[2017.03.18-14.45.19:557][878]LogModuleManager: Shutting down and abandoning module CoreUObject (5)
[2017.03.18-14.45.19:557][878]LogModuleManager: Shutting down and abandoning module NetworkFile (4)
[2017.03.18-14.45.19:557][878]LogModuleManager: Shutting down and abandoning module StreamingFile (3)
[2017.03.18-14.45.19:557][878]LogModuleManager: Shutting down and abandoning module SandboxFile (2)
[2017.03.18-14.45.19:557][878]LogModuleManager: Shutting down and abandoning module PakFile (1)
[2017.03.18-14.45.19:576][878]LogExit: Exiting.
[2017.03.18-14.45.19:577][878]Log file closed, 03/18/17 14:45:19
